#
# There is insufficient memory for the Java Runtime Environment to continue.
# Native memory allocation (malloc) failed to allocate 32744 bytes for ChunkPool::allocate
# Possible reasons:
#   The system is out of physical RAM or swap space
#   In 32 bit mode, the process size limit was hit
# Possible solutions:
#   Reduce memory load on the system
#   Increase physical memory or swap space
#   Check if swap backing store is full
#   Use 64 bit Java on a 64 bit OS
#   Decrease Java heap size (-Xmx/-Xms)
#   Decrease number of Java threads
#   Decrease Java thread stack sizes (-Xss)
#   Set larger code cache with -XX:ReservedCodeCacheSize=
# This output file may be truncated or incomplete.
#
#  Out of Memory Error (allocation.cpp:273), pid=12552, tid=0x0000000000002b08
#
# JRE version: OpenJDK Runtime Environment (8.0_152-b02) (build 1.8.0_152-release-1024-b02)
# Java VM: OpenJDK 64-Bit Server VM (25.152-b02 mixed mode windows-amd64 compressed oops)
# Failed to write core dump. Minidumps are not enabled by default on client versions of Windows
#

---------------  T H R E A D  ---------------

Current thread (0x00000000167ad800):  JavaThread "C1 CompilerThread2" daemon [_thread_in_native, id=11016, stack(0x0000000018390000,0x0000000018490000)]

Stack: [0x0000000018390000,0x0000000018490000]
[error occurred during error reporting (printing stack bounds), id 0xc0000005]

Native frames: (J=compiled Java code, j=interpreted, Vv=VM code, C=native code)


Current CompileTask:
C1:  37545 10432       3      
[error occurred during error reporting (printing current compile task), id 0xe0000001]


---------------  P R O C E S S  ---------------

Java Threads: ( => current thread )
  0x000000001c192000 JavaThread "Cache worker for Java compile cache (E:\KULIAH\TUGAS AKHIR\TravelMeCustomer\.gradle\4.4\javaCompile)" [_thread_blocked, id=13432, stack(0x0000000024a10000,0x0000000024b10000)]
  0x000000001c18c000 JavaThread "Task worker for ':' Thread 3" [_thread_blocked, id=15460, stack(0x00000000245e0000,0x00000000246e0000)]
  0x000000001c190000 JavaThread "Task worker for ':' Thread 2" [_thread_blocked, id=14896, stack(0x00000000244e0000,0x00000000245e0000)]
  0x000000001c18d800 JavaThread "Task worker for ':'" [_thread_blocked, id=19760, stack(0x00000000243e0000,0x00000000244e0000)]
  0x000000001c18a800 JavaThread "Cache worker for Build Output Cleanup Cache (E:\KULIAH\TUGAS AKHIR\TravelMeCustomer\.gradle\buildOutputCleanup)" [_thread_blocked, id=8124, stack(0x00000000242e0000,0x00000000243e0000)]
  0x000000001c190800 JavaThread "Cache worker for task history cache (E:\KULIAH\TUGAS AKHIR\TravelMeCustomer\.gradle\4.4\taskHistory)" [_thread_blocked, id=6552, stack(0x00000000241e0000,0x00000000242e0000)]
  0x000000001c186000 JavaThread "Cache worker for file content cache (E:\KULIAH\TUGAS AKHIR\TravelMeCustomer\.gradle\4.4\fileContent)" [_thread_blocked, id=7036, stack(0x0000000021c50000,0x0000000021d50000)]
  0x000000001c188800 JavaThread "Memory manager" [_thread_blocked, id=1484, stack(0x0000000020ea0000,0x0000000020fa0000)]
  0x0000000019b42000 JavaThread "build operations Thread 4" [_thread_blocked, id=11772, stack(0x00000000209a0000,0x0000000020aa0000)]
  0x0000000019b44000 JavaThread "build operations Thread 3" [_thread_in_Java, id=20068, stack(0x00000000208a0000,0x00000000209a0000)]
  0x0000000019b41000 JavaThread "build operations Thread 2" [_thread_blocked, id=4316, stack(0x00000000207a0000,0x00000000208a0000)]
  0x0000000019b3f800 JavaThread "build operations" [_thread_blocked, id=5404, stack(0x0000000020300000,0x0000000020400000)]
  0x0000000019b3f000 JavaThread "Cache worker for Artifact transforms cache (C:\Users\arindatiko\.gradle\caches\transforms-1)" [_thread_blocked, id=15620, stack(0x0000000020200000,0x0000000020300000)]
  0x0000000019a3f800 JavaThread "Cache worker for file hash cache (E:\KULIAH\TUGAS AKHIR\TravelMeCustomer\.gradle\4.4\fileHashes)" [_thread_blocked, id=14388, stack(0x000000001c2b0000,0x000000001c3b0000)]
  0x00000000197c3800 JavaThread "File lock request listener" [_thread_in_native, id=8304, stack(0x000000001b1e0000,0x000000001b2e0000)]
  0x00000000197c2800 JavaThread "Cache worker for file hash cache (C:\Users\arindatiko\.gradle\caches\4.4\fileHashes)" [_thread_blocked, id=18000, stack(0x000000001b0e0000,0x000000001b1e0000)]
  0x0000000019791800 JavaThread "Stdin handler" [_thread_blocked, id=6688, stack(0x000000001ade0000,0x000000001aee0000)]
  0x0000000019790800 JavaThread "Asynchronous log dispatcher for DefaultDaemonConnection: socket connection from /127.0.0.1:61683 to /127.0.0.1:61685" [_thread_blocked, id=11904, stack(0x000000001ace0000,0x000000001ade0000)]
  0x0000000019788800 JavaThread "Daemon worker" [_thread_blocked, id=15736, stack(0x000000001abe0000,0x000000001ace0000)]
  0x00000000197b4800 JavaThread "Cancel handler" [_thread_blocked, id=3404, stack(0x000000001aae0000,0x000000001abe0000)]
  0x0000000019747800 JavaThread "Handler for socket connection from /127.0.0.1:61683 to /127.0.0.1:61685" [_thread_in_native, id=868, stack(0x000000001a7e0000,0x000000001a8e0000)]
  0x000000001972b000 JavaThread "Daemon" [_thread_blocked, id=13408, stack(0x000000001a6e0000,0x000000001a7e0000)]
  0x000000001969f000 JavaThread "Daemon periodic checks" [_thread_blocked, id=500, stack(0x000000001a5e0000,0x000000001a6e0000)]
  0x00000000196a2800 JavaThread "Incoming local TCP Connector on port 61683" [_thread_in_native, id=11884, stack(0x000000001a3a0000,0x000000001a4a0000)]
  0x0000000017f96000 JavaThread "Service Thread" daemon [_thread_blocked, id=21188, stack(0x0000000018490000,0x0000000018590000)]
=>0x00000000167ad800 JavaThread "C1 CompilerThread2" daemon [_thread_in_native, id=11016, stack(0x0000000018390000,0x0000000018490000)]
  0x00000000167aa800 JavaThread "C2 CompilerThread1" daemon [_thread_in_native, id=9528, stack(0x0000000017e90000,0x0000000017f90000)]
  0x0000000016758000 JavaThread "C2 CompilerThread0" daemon [_thread_in_native, id=10900, stack(0x0000000017d90000,0x0000000017e90000)]
  0x0000000016757000 JavaThread "Attach Listener" daemon [_thread_blocked, id=21444, stack(0x0000000017c90000,0x0000000017d90000)]
  0x0000000016756000 JavaThread "Signal Dispatcher" daemon [_thread_blocked, id=12332, stack(0x0000000017b90000,0x0000000017c90000)]
  0x0000000016738000 JavaThread "Finalizer" daemon [_thread_blocked, id=10344, stack(0x00000000179a0000,0x0000000017aa0000)]
  0x0000000002c73800 JavaThread "Reference Handler" daemon [_thread_blocked, id=20184, stack(0x00000000178a0000,0x00000000179a0000)]
  0x0000000002ede000 JavaThread "main" [_thread_blocked, id=12716, stack(0x00000000012c0000,0x00000000013c0000)]

Other Threads:
  0x0000000016715000 VMThread [stack: 0x00000000177a0000,0x00000000178a0000] [id=7672]
  0x0000000017f99800 WatcherThread [stack: 0x0000000018590000,0x0000000018690000] [id=15528]

VM state:not at safepoint (normal execution)

VM Mutex/Monitor currently owned by a thread: None

Heap:
 PSYoungGen      total 206336K, used 35544K [0x00000000e0000000, 0x00000000eea80000, 0x0000000100000000)
  eden space 179712K, 19% used [0x00000000e0000000,0x00000000e22b6100,0x00000000eaf80000)
  from space 26624K, 0% used [0x00000000eaf80000,0x00000000eaf80000,0x00000000ec980000)
  to   space 17408K, 0% used [0x00000000ec980000,0x00000000ec980000,0x00000000eda80000)
 ParOldGen       total 129024K, used 48660K [0x00000000a0000000, 0x00000000a7e00000, 0x00000000e0000000)
  object space 129024K, 37% used [0x00000000a0000000,0x00000000a2f850a0,0x00000000a7e00000)
 Metaspace       used 63078K, capacity 65232K, committed 66176K, reserved 1105920K
  class space    used 8364K, capacity 8912K, committed 9088K, reserved 1048576K

Card table byte_map: [0x00000000122a0000,0x00000000125b0000] byte_map_base: 0x0000000011da0000

Marking Bits: (ParMarkBitMap*) 0x0000000059cb4970
 Begin Bits: [0x0000000012ab0000, 0x00000000142b0000)
 End Bits:   [0x00000000142b0000, 0x0000000015ab0000)

Polling page: 0x0000000000e90000

CodeCache: size=245760Kb used=31321Kb max_used=33304Kb free=214438Kb
 bounds [0x0000000002ee0000, 0x0000000004fa0000, 0x0000000011ee0000]
 total_blobs=9599 nmethods=8804 adapters=707
 compilation: enabled

Compilation events (10 events):
Event: 37.493 Thread 0x00000000167ad800 nmethod 10427 0x0000000003aa1190 code [0x0000000003aa12e0, 0x0000000003aa13d0]
Event: 37.493 Thread 0x00000000167ad800 10428       1       org.gradle.internal.logging.events.StyledTextOutputEvent$Span::access$000 (5 bytes)
Event: 37.493 Thread 0x00000000167ad800 nmethod 10428 0x00000000046bca90 code [0x00000000046bcbe0, 0x00000000046bccd0]
Event: 37.493 Thread 0x00000000167ad800 10429       1       org.gradle.internal.logging.events.StyledTextOutputEvent$Span::access$100 (5 bytes)
Event: 37.493 Thread 0x00000000167ad800 nmethod 10429 0x00000000046ccb90 code [0x00000000046ccce0, 0x00000000046ccdd0]
Event: 37.501 Thread 0x00000000167ad800 10430       3       org.gradle.internal.logging.slf4j.OutputEventListenerBackedLogger::isInfoEnabled (8 bytes)
Event: 37.502 Thread 0x00000000167ad800 nmethod 10430 0x0000000003444750 code [0x00000000034448e0, 0x0000000003444da8]
Event: 37.505 Thread 0x00000000167ad800 10431       3       com.google.protobuf.AbstractMessage::<init> (10 bytes)
Event: 37.506 Thread 0x00000000167ad800 nmethod 10431 0x0000000004710ad0 code [0x0000000004710c40, 0x0000000004710e50]
Event: 37.515 Thread 0x00000000167ad800 10432       3       org.gradle.api.internal.changedetection.state.InputPropertiesSerializer::readSnapshot (514 bytes)

GC Heap History (10 events):
Event: 26.770 GC heap before
{Heap before GC invocations=17 (full 2):
 PSYoungGen      total 165376K, used 112353K [0x00000000e0000000, 0x00000000eb380000, 0x0000000100000000)
  eden space 151552K, 65% used [0x00000000e0000000,0x00000000e6160fa8,0x00000000e9400000)
  from space 13824K, 91% used [0x00000000ea300000,0x00000000eaf57620,0x00000000eb080000)
  to   space 15360K, 0% used [0x00000000e9400000,0x00000000e9400000,0x00000000ea300000)
 ParOldGen       total 51200K, used 29395K [0x00000000a0000000, 0x00000000a3200000, 0x00000000e0000000)
  object space 51200K, 57% used [0x00000000a0000000,0x00000000a1cb4d20,0x00000000a3200000)
 Metaspace       used 56964K, capacity 58924K, committed 59008K, reserved 1099776K
  class space    used 7801K, capacity 8292K, committed 8320K, reserved 1048576K
Event: 26.797 GC heap after
Heap after GC invocations=17 (full 2):
 PSYoungGen      total 166912K, used 14637K [0x00000000e0000000, 0x00000000eda80000, 0x0000000100000000)
  eden space 151552K, 0% used [0x00000000e0000000,0x00000000e0000000,0x00000000e9400000)
  from space 15360K, 95% used [0x00000000e9400000,0x00000000ea24b660,0x00000000ea300000)
  to   space 17408K, 0% used [0x00000000ec980000,0x00000000ec980000,0x00000000eda80000)
 ParOldGen       total 51200K, used 29403K [0x00000000a0000000, 0x00000000a3200000, 0x00000000e0000000)
  object space 51200K, 57% used [0x00000000a0000000,0x00000000a1cb6d20,0x00000000a3200000)
 Metaspace       used 56964K, capacity 58924K, committed 59008K, reserved 1099776K
  class space    used 7801K, capacity 8292K, committed 8320K, reserved 1048576K
}
Event: 26.797 GC heap before
{Heap before GC invocations=18 (full 3):
 PSYoungGen      total 166912K, used 14637K [0x00000000e0000000, 0x00000000eda80000, 0x0000000100000000)
  eden space 151552K, 0% used [0x00000000e0000000,0x00000000e0000000,0x00000000e9400000)
  from space 15360K, 95% used [0x00000000e9400000,0x00000000ea24b660,0x00000000ea300000)
  to   space 17408K, 0% used [0x00000000ec980000,0x00000000ec980000,0x00000000eda80000)
 ParOldGen       total 51200K, used 29403K [0x00000000a0000000, 0x00000000a3200000, 0x00000000e0000000)
  object space 51200K, 57% used [0x00000000a0000000,0x00000000a1cb6d20,0x00000000a3200000)
 Metaspace       used 56964K, capacity 58924K, committed 59008K, reserved 1099776K
  class space    used 7801K, capacity 8292K, committed 8320K, reserved 1048576K
Event: 27.235 GC heap after
Heap after GC invocations=18 (full 3):
 PSYoungGen      total 166912K, used 0K [0x00000000e0000000, 0x00000000eda80000, 0x0000000100000000)
  eden space 151552K, 0% used [0x00000000e0000000,0x00000000e0000000,0x00000000e9400000)
  from space 15360K, 0% used [0x00000000e9400000,0x00000000e9400000,0x00000000ea300000)
  to   space 17408K, 0% used [0x00000000ec980000,0x00000000ec980000,0x00000000eda80000)
 ParOldGen       total 88064K, used 39046K [0x00000000a0000000, 0x00000000a5600000, 0x00000000e0000000)
  object space 88064K, 44% used [0x00000000a0000000,0x00000000a2621a38,0x00000000a5600000)
 Metaspace       used 56964K, capacity 58924K, committed 59008K, reserved 1099776K
  class space    used 7801K, capacity 8292K, committed 8320K, reserved 1048576K
}
Event: 30.516 GC heap before
{Heap before GC invocations=19 (full 3):
 PSYoungGen      total 166912K, used 151552K [0x00000000e0000000, 0x00000000eda80000, 0x0000000100000000)
  eden space 151552K, 100% used [0x00000000e0000000,0x00000000e9400000,0x00000000e9400000)
  from space 15360K, 0% used [0x00000000e9400000,0x00000000e9400000,0x00000000ea300000)
  to   space 17408K, 0% used [0x00000000ec980000,0x00000000ec980000,0x00000000eda80000)
 ParOldGen       total 88064K, used 39046K [0x00000000a0000000, 0x00000000a5600000, 0x00000000e0000000)
  object space 88064K, 44% used [0x00000000a0000000,0x00000000a2621a38,0x00000000a5600000)
 Metaspace       used 62047K, capacity 64030K, committed 64256K, reserved 1103872K
  class space    used 8335K, capacity 8845K, committed 8960K, reserved 1048576K
Event: 30.571 GC heap after
Heap after GC invocations=19 (full 3):
 PSYoungGen      total 197120K, used 17383K [0x00000000e0000000, 0x00000000eea80000, 0x0000000100000000)
  eden space 179712K, 0% used [0x00000000e0000000,0x00000000e0000000,0x00000000eaf80000)
  from space 17408K, 99% used [0x00000000ec980000,0x00000000eda79d10,0x00000000eda80000)
  to   space 26624K, 0% used [0x00000000eaf80000,0x00000000eaf80000,0x00000000ec980000)
 ParOldGen       total 88064K, used 56888K [0x00000000a0000000, 0x00000000a5600000, 0x00000000e0000000)
  object space 88064K, 64% used [0x00000000a0000000,0x00000000a378e1e8,0x00000000a5600000)
 Metaspace       used 62047K, capacity 64030K, committed 64256K, reserved 1103872K
  class space    used 8335K, capacity 8845K, committed 8960K, reserved 1048576K
}
Event: 35.923 GC heap before
{Heap before GC invocations=20 (full 3):
 PSYoungGen      total 197120K, used 197095K [0x00000000e0000000, 0x00000000eea80000, 0x0000000100000000)
  eden space 179712K, 100% used [0x00000000e0000000,0x00000000eaf80000,0x00000000eaf80000)
  from space 17408K, 99% used [0x00000000ec980000,0x00000000eda79d10,0x00000000eda80000)
  to   space 26624K, 0% used [0x00000000eaf80000,0x00000000eaf80000,0x00000000ec980000)
 ParOldGen       total 88064K, used 56888K [0x00000000a0000000, 0x00000000a5600000, 0x00000000e0000000)
  object space 88064K, 64% used [0x00000000a0000000,0x00000000a378e1e8,0x00000000a5600000)
 Metaspace       used 63633K, capacity 65764K, committed 66176K, reserved 1105920K
  class space    used 8430K, capacity 8974K, committed 9088K, reserved 1048576K
Event: 36.037 GC heap after
Heap after GC invocations=20 (full 3):
 PSYoungGen      total 206336K, used 26604K [0x00000000e0000000, 0x00000000eea80000, 0x0000000100000000)
  eden space 179712K, 0% used [0x00000000e0000000,0x00000000e0000000,0x00000000eaf80000)
  from space 26624K, 99% used [0x00000000eaf80000,0x00000000ec97b338,0x00000000ec980000)
  to   space 17408K, 0% used [0x00000000ec980000,0x00000000ec980000,0x00000000eda80000)
 ParOldGen       total 90112K, used 89112K [0x00000000a0000000, 0x00000000a5800000, 0x00000000e0000000)
  object space 90112K, 98% used [0x00000000a0000000,0x00000000a57063f8,0x00000000a5800000)
 Metaspace       used 63633K, capacity 65764K, committed 66176K, reserved 1105920K
  class space    used 8430K, capacity 8974K, committed 9088K, reserved 1048576K
}
Event: 36.037 GC heap before
{Heap before GC invocations=21 (full 4):
 PSYoungGen      total 206336K, used 26604K [0x00000000e0000000, 0x00000000eea80000, 0x0000000100000000)
  eden space 179712K, 0% used [0x00000000e0000000,0x00000000e0000000,0x00000000eaf80000)
  from space 26624K, 99% used [0x00000000eaf80000,0x00000000ec97b338,0x00000000ec980000)
  to   space 17408K, 0% used [0x00000000ec980000,0x00000000ec980000,0x00000000eda80000)
 ParOldGen       total 90112K, used 89112K [0x00000000a0000000, 0x00000000a5800000, 0x00000000e0000000)
  object space 90112K, 98% used [0x00000000a0000000,0x00000000a57063f8,0x00000000a5800000)
 Metaspace       used 63633K, capacity 65764K, committed 66176K, reserved 1105920K
  class space    used 8430K, capacity 8974K, committed 9088K, reserved 1048576K
Event: 36.305 GC heap after
Heap after GC invocations=21 (full 4):
 PSYoungGen      total 206336K, used 0K [0x00000000e0000000, 0x00000000eea80000, 0x0000000100000000)
  eden space 179712K, 0% used [0x00000000e0000000,0x00000000e0000000,0x00000000eaf80000)
  from space 26624K, 0% used [0x00000000eaf80000,0x00000000eaf80000,0x00000000ec980000)
  to   space 17408K, 0% used [0x00000000ec980000,0x00000000ec980000,0x00000000eda80000)
 ParOldGen       total 129024K, used 48660K [0x00000000a0000000, 0x00000000a7e00000, 0x00000000e0000000)
  object space 129024K, 37% used [0x00000000a0000000,0x00000000a2f850a0,0x00000000a7e00000)
 Metaspace       used 62656K, capacity 64754K, committed 66176K, reserved 1105920K
  class space    used 8332K, capacity 8869K, committed 9088K, reserved 1048576K
}

Deoptimization events (10 events):
Event: 36.825 Thread 0x0000000019788800 Uncommon trap: reason=class_check action=maybe_recompile pc=0x0000000003dcb7f8 method=java.lang.AbstractStringBuilder.append(Ljava/lang/CharSequence;)Ljava/lang/AbstractStringBuilder; @ 26
Event: 36.825 Thread 0x0000000019788800 Uncommon trap: reason=class_check action=maybe_recompile pc=0x0000000004158194 method=java.lang.AbstractStringBuilder.append(Ljava/lang/CharSequence;II)Ljava/lang/AbstractStringBuilder; @ 18
Event: 36.825 Thread 0x0000000019788800 Uncommon trap: reason=class_check action=maybe_recompile pc=0x0000000003dcb7f8 method=java.lang.AbstractStringBuilder.append(Ljava/lang/CharSequence;)Ljava/lang/AbstractStringBuilder; @ 26
Event: 36.825 Thread 0x0000000019788800 Uncommon trap: reason=class_check action=maybe_recompile pc=0x0000000004158194 method=java.lang.AbstractStringBuilder.append(Ljava/lang/CharSequence;II)Ljava/lang/AbstractStringBuilder; @ 18
Event: 36.826 Thread 0x0000000019788800 Uncommon trap: reason=class_check action=maybe_recompile pc=0x0000000003dcb7f8 method=java.lang.AbstractStringBuilder.append(Ljava/lang/CharSequence;)Ljava/lang/AbstractStringBuilder; @ 26
Event: 36.826 Thread 0x0000000019788800 Uncommon trap: reason=class_check action=maybe_recompile pc=0x0000000004158194 method=java.lang.AbstractStringBuilder.append(Ljava/lang/CharSequence;II)Ljava/lang/AbstractStringBuilder; @ 18
Event: 36.826 Thread 0x0000000019788800 Uncommon trap: reason=class_check action=maybe_recompile pc=0x0000000003dbb9ec method=java.lang.AbstractStringBuilder.append(Ljava/lang/CharSequence;II)Ljava/lang/AbstractStringBuilder; @ 18
Event: 36.887 Thread 0x000000001c190000 Uncommon trap: reason=unstable_if action=reinterpret pc=0x000000000321b280 method=org.gradle.api.internal.file.pattern.PatternMatcherFactory$PathMatcherBackedSpec.isSatisfiedBy(Lorg/gradle/api/file/RelativePath;)Z @ 11
Event: 36.983 Thread 0x000000001c190000 Uncommon trap: reason=class_check action=maybe_recompile pc=0x0000000003411d2c method=org.gradle.api.internal.file.pattern.PatternMatcherFactory$PathMatcherBackedSpec.isSatisfiedBy(Lorg/gradle/api/file/RelativePath;)Z @ 23
Event: 36.983 Thread 0x000000001c190000 Uncommon trap: reason=unstable_if action=reinterpret pc=0x0000000003aa0ad0 method=org.gradle.api.internal.file.pattern.FixedStepPathMatcher.matches([Ljava/lang/String;I)Z @ 10

Classes redefined (0 events):
No events

Internal exceptions (10 events):
Event: 20.822 Thread 0x0000000019788800 Exception <a 'java/lang/ClassNotFoundException': org/gradle/api/internal/artifacts/ivyservice/dependencysubstitution/DefaultDependencyResolveDetailsBeanInfo> (0x00000000e666b758) thrown at [D:\src\AOSP-openjdk-cygwin\jdk8u\hotspot\src\share\vm\classfile\s
Event: 20.824 Thread 0x0000000019788800 Exception <a 'java/lang/ClassNotFoundException': org/gradle/api/internal/artifacts/ivyservice/dependencysubstitution/DefaultDependencyResolveDetailsCustomizer> (0x00000000e66a68e8) thrown at [D:\src\AOSP-openjdk-cygwin\jdk8u\hotspot\src\share\vm\classfile
Event: 20.827 Thread 0x0000000019788800 Exception <a 'java/lang/ClassNotFoundException': org/gradle/api/internal/artifacts/DefaultModuleVersionSelectorBeanInfo> (0x00000000e66f2ce0) thrown at [D:\src\AOSP-openjdk-cygwin\jdk8u\hotspot\src\share\vm\classfile\systemDictionary.cpp, line 210]
Event: 20.828 Thread 0x0000000019788800 Exception <a 'java/lang/ClassNotFoundException': org/gradle/api/internal/artifacts/DefaultModuleVersionSelectorCustomizer> (0x00000000e67453d8) thrown at [D:\src\AOSP-openjdk-cygwin\jdk8u\hotspot\src\share\vm\classfile\systemDictionary.cpp, line 210]
Event: 20.830 Thread 0x0000000019788800 Implicit null exception at 0x0000000004272944 to 0x0000000004273cd9
Event: 23.785 Thread 0x000000001c18d800 Exception <a 'java/lang/NoSuchMethodError': <clinit>> (0x00000000e27d10a8) thrown at [D:\src\AOSP-openjdk-cygwin\jdk8u\hotspot\src\share\vm\prims\jni.cpp, line 1613]
Event: 23.794 Thread 0x000000001c18d800 Exception <a 'java/lang/NoSuchMethodError': <clinit>> (0x00000000e27dac88) thrown at [D:\src\AOSP-openjdk-cygwin\jdk8u\hotspot\src\share\vm\prims\jni.cpp, line 1613]
Event: 30.440 Thread 0x000000001c190000 Implicit null exception at 0x000000000464c0f1 to 0x000000000464c4ad
Event: 30.573 Thread 0x000000001c190000 Implicit null exception at 0x000000000348e5de to 0x000000000348eca9
Event: 37.207 Thread 0x000000001c190000 Exception <a 'java/lang/NoSuchMethodError': <clinit>> (0x00000000e1997638) thrown at [D:\src\AOSP-openjdk-cygwin\jdk8u\hotspot\src\share\vm\prims\jni.cpp, line 1613]

Events (10 events):
Event: 36.983 Thread 0x000000001c190000 Uncommon trap: trap_request=0xffffffde fr.pc=0x0000000003411d2c
Event: 36.983 Thread 0x000000001c190000 DEOPT PACKING pc=0x0000000003411d2c sp=0x00000000245dd580
Event: 36.983 Thread 0x000000001c190000 DEOPT UNPACKING pc=0x0000000002f2557b sp=0x00000000245dd4c8 mode 2
Event: 36.983 Thread 0x000000001c190000 Uncommon trap: trap_request=0xffffff65 fr.pc=0x0000000003aa0ad0
Event: 36.983 Thread 0x000000001c190000 DEOPT PACKING pc=0x0000000003aa0ad0 sp=0x00000000245dd4b0
Event: 36.983 Thread 0x000000001c190000 DEOPT UNPACKING pc=0x0000000002f2557b sp=0x00000000245dd458 mode 2
Event: 37.148 loading class org/gradle/api/internal/file/collections/SingletonFileTree
Event: 37.148 loading class org/gradle/api/internal/file/collections/SingletonFileTree done
Event: 37.160 loading class org/gradle/api/internal/file/AbstractFileTree$FilteredFileTreeImpl
Event: 37.160 loading class org/gradle/api/internal/file/AbstractFileTree$FilteredFileTreeImpl done


Dynamic libraries:
0x00007ff6390f0000 - 0x00007ff639121000 	C:\Program Files\Android\Android Studio\jre\bin\java.exe
0x00007ffd106b0000 - 0x00007ffd10891000 	C:\WINDOWS\SYSTEM32\ntdll.dll
0x00007ffd0fcd0000 - 0x00007ffd0fd82000 	C:\WINDOWS\System32\KERNEL32.DLL
0x00007ffd0cc70000 - 0x00007ffd0cee3000 	C:\WINDOWS\System32\KERNELBASE.dll
0x00007ffd0fc00000 - 0x00007ffd0fca1000 	C:\WINDOWS\System32\ADVAPI32.dll
0x00007ffd0f410000 - 0x00007ffd0f4ae000 	C:\WINDOWS\System32\msvcrt.dll
0x00007ffd0dd10000 - 0x00007ffd0dd6b000 	C:\WINDOWS\System32\sechost.dll
0x00007ffd0f840000 - 0x00007ffd0f964000 	C:\WINDOWS\System32\RPCRT4.dll
0x00007ffd0fdc0000 - 0x00007ffd0ff50000 	C:\WINDOWS\System32\USER32.dll
0x00007ffd0d190000 - 0x00007ffd0d1b0000 	C:\WINDOWS\System32\win32u.dll
0x00007ffd0fd90000 - 0x00007ffd0fdb8000 	C:\WINDOWS\System32\GDI32.dll
0x00007ffd0d1b0000 - 0x00007ffd0d342000 	C:\WINDOWS\System32\gdi32full.dll
0x00007ffd0ca80000 - 0x00007ffd0cb1f000 	C:\WINDOWS\System32\msvcp_win.dll
0x00007ffd0cb20000 - 0x00007ffd0cc1a000 	C:\WINDOWS\System32\ucrtbase.dll
0x00007ffd01d90000 - 0x00007ffd01ff9000 	C:\WINDOWS\WinSxS\amd64_microsoft.windows.common-controls_6595b64144ccf1df_6.0.17134.137_none_fb44974530639b67\COMCTL32.dll
0x00007ffd0f510000 - 0x00007ffd0f833000 	C:\WINDOWS\System32\combase.dll
0x00007ffd0dac0000 - 0x00007ffd0db3a000 	C:\WINDOWS\System32\bcryptPrimitives.dll
0x00007ffd0df20000 - 0x00007ffd0df4d000 	C:\WINDOWS\System32\IMM32.DLL
0x0000000058fb0000 - 0x0000000059082000 	C:\Program Files\Android\Android Studio\jre\jre\bin\msvcr100.dll
0x00000000594f0000 - 0x0000000059d2f000 	C:\Program Files\Android\Android Studio\jre\jre\bin\server\jvm.dll
0x00007ffd0fbf0000 - 0x00007ffd0fbf8000 	C:\WINDOWS\System32\PSAPI.DLL
0x00007ffd0a560000 - 0x00007ffd0a569000 	C:\WINDOWS\SYSTEM32\WSOCK32.dll
0x00007ffd0a2f0000 - 0x00007ffd0a313000 	C:\WINDOWS\SYSTEM32\WINMM.dll
0x00007ffd10040000 - 0x00007ffd100ac000 	C:\WINDOWS\System32\WS2_32.dll
0x00007ffd06640000 - 0x00007ffd0664a000 	C:\WINDOWS\SYSTEM32\VERSION.dll
0x00007ffd0a2a0000 - 0x00007ffd0a2ca000 	C:\WINDOWS\SYSTEM32\WINMMBASE.dll
0x00007ffd0cc20000 - 0x00007ffd0cc69000 	C:\WINDOWS\System32\cfgmgr32.dll
0x00007ffd0a3e0000 - 0x00007ffd0a3ef000 	C:\Program Files\Android\Android Studio\jre\jre\bin\verify.dll
0x00007ffd09460000 - 0x00007ffd09489000 	C:\Program Files\Android\Android Studio\jre\jre\bin\java.dll
0x00007ffd09440000 - 0x00007ffd09456000 	C:\Program Files\Android\Android Studio\jre\jre\bin\zip.dll
0x00007ffd0dfd0000 - 0x00007ffd0f410000 	C:\WINDOWS\System32\SHELL32.dll
0x00007ffd0de70000 - 0x00007ffd0df19000 	C:\WINDOWS\System32\shcore.dll
0x00007ffd0d3b0000 - 0x00007ffd0dabd000 	C:\WINDOWS\System32\windows.storage.dll
0x00007ffd0f4b0000 - 0x00007ffd0f501000 	C:\WINDOWS\System32\shlwapi.dll
0x00007ffd0ca60000 - 0x00007ffd0ca71000 	C:\WINDOWS\System32\kernel.appcore.dll
0x00007ffd0ca40000 - 0x00007ffd0ca5f000 	C:\WINDOWS\System32\profapi.dll
0x00007ffd0c9f0000 - 0x00007ffd0ca3c000 	C:\WINDOWS\System32\powrprof.dll
0x00007ffd0c9e0000 - 0x00007ffd0c9ea000 	C:\WINDOWS\System32\FLTLIB.DLL
0x00007ffd093f0000 - 0x00007ffd0940a000 	C:\Program Files\Android\Android Studio\jre\jre\bin\net.dll
0x00007ffd0c1e0000 - 0x00007ffd0c246000 	C:\WINDOWS\system32\mswsock.dll
0x00007ffd093d0000 - 0x00007ffd093e1000 	C:\Program Files\Android\Android Studio\jre\jre\bin\nio.dll
0x00007ffd08d10000 - 0x00007ffd08d2e000 	C:\Users\arindatiko\.gradle\native\25\windows-amd64\native-platform.dll
0x00007ffd09a60000 - 0x00007ffd09a6d000 	C:\Program Files\Android\Android Studio\jre\jre\bin\management.dll
0x00007ffd0c390000 - 0x00007ffd0c3a7000 	C:\WINDOWS\SYSTEM32\CRYPTSP.dll
0x00007ffd0bdc0000 - 0x00007ffd0bdf3000 	C:\WINDOWS\system32\rsaenh.dll
0x00007ffd0c4c0000 - 0x00007ffd0c4e5000 	C:\WINDOWS\SYSTEM32\bcrypt.dll
0x00007ffd0c8c0000 - 0x00007ffd0c8e8000 	C:\WINDOWS\SYSTEM32\USERENV.dll
0x00007ffd0c3b0000 - 0x00007ffd0c3bb000 	C:\WINDOWS\SYSTEM32\CRYPTBASE.dll
0x00007ffd0bf60000 - 0x00007ffd0bf98000 	C:\WINDOWS\SYSTEM32\IPHLPAPI.DLL
0x00007ffd0dd00000 - 0x00007ffd0dd08000 	C:\WINDOWS\System32\NSI.dll
0x00007ffd05280000 - 0x00007ffd05296000 	C:\WINDOWS\SYSTEM32\dhcpcsvc6.DLL
0x00007ffd05310000 - 0x00007ffd0532a000 	C:\WINDOWS\SYSTEM32\dhcpcsvc.DLL

VM Arguments:
jvm_args: -Xmx1536m -Dfile.encoding=windows-1252 -Duser.country=GB -Duser.language=en -Duser.variant 
java_command: org.gradle.launcher.daemon.bootstrap.GradleDaemon 4.4
java_class_path (initial): C:\Users\arindatiko\.gradle\wrapper\dists\gradle-4.4-all\9br9xq1tocpiv8o6njlyu5op1\gradle-4.4\lib\gradle-launcher-4.4.jar
Launcher Type: SUN_STANDARD

Environment Variables:
PATH=C:\WINDOWS\system32;C:\WINDOWS;C:\WINDOWS\System32\Wbem;C:\WINDOWS\System32\WindowsPowerShell\v1.0\;C:\Program Files\Microsoft SQL Server\130\Tools\Binn\;C:\Program Files (x86)\Git\cmd;C:\xampp\php;;C:\WINDOWS\System32\OpenSSH\;C:\Users\arindatiko\AppData\Local\Microsoft\WindowsApps;
USERNAME=arindatiko
OS=Windows_NT
PROCESSOR_IDENTIFIER=Intel64 Family 6 Model 58 Stepping 9, GenuineIntel



---------------  S Y S T E M  ---------------

OS: Windows 10.0 , 64 bit Build 17134 (10.0.17134.1)

CPU:total 4 (initial active 4) (2 cores per cpu, 2 threads per core) family 6 model 58 stepping 9, cmov, cx8, fxsr, mmx, sse, sse2, sse3, ssse3, sse4.1, sse4.2, popcnt, avx, clmul, erms, ht, tsc, tscinvbit, tscinv

Memory: 4k page, physical 4077352k(921208k free), swap 16660264k(4132k free)

vm_info: OpenJDK 64-Bit Server VM (25.152-b02) for windows-amd64 JRE (1.8.0_152-release-1024-b02), built by "builder" with MS VC++ 10.0 (VS2010)

time: Thu Jul 12 12:55:36 2018
elapsed time: 37 seconds (0d 0h 0m 37s)

