#
# There is insufficient memory for the Java Runtime Environment to continue.
# Native memory allocation (malloc) failed to allocate 2326576 bytes for Chunk::new
# Possible reasons:
#   The system is out of physical RAM or swap space
#   In 32 bit mode, the process size limit was hit
# Possible solutions:
#   Reduce memory load on the system
#   Increase physical memory or swap space
#   Check if swap backing store is full
#   Use 64 bit Java on a 64 bit OS
#   Decrease Java heap size (-Xmx/-Xms)
#   Decrease number of Java threads
#   Decrease Java thread stack sizes (-Xss)
#   Set larger code cache with -XX:ReservedCodeCacheSize=
# This output file may be truncated or incomplete.
#
#  Out of Memory Error (allocation.cpp:390), pid=6420, tid=0x00000000000042f4
#
# JRE version: OpenJDK Runtime Environment (8.0_152-b02) (build 1.8.0_152-release-1024-b02)
# Java VM: OpenJDK 64-Bit Server VM (25.152-b02 mixed mode windows-amd64 compressed oops)
# Failed to write core dump. Minidumps are not enabled by default on client versions of Windows
#

---------------  T H R E A D  ---------------

Current thread (0x0000000015e7f800):  JavaThread "C2 CompilerThread1" daemon [_thread_in_native, id=17140, stack(0x00000000175c0000,0x00000000176c0000)]

Stack: [0x00000000175c0000,0x00000000176c0000]
[error occurred during error reporting (printing stack bounds), id 0xc0000005]

Native frames: (J=compiled Java code, j=interpreted, Vv=VM code, C=native code)


Current CompileTask:
C2:  88661 14430       4       com.android.tools.r8.graph.DexClass::forEachMethod (75 bytes)


---------------  P R O C E S S  ---------------

Java Threads: ( => current thread )
  0x000000001c034800 JavaThread "ForkJoinPool.commonPool-worker-6" daemon [_thread_blocked, id=9048, stack(0x00000000394e0000,0x00000000395e0000)]
  0x000000001c036000 JavaThread "ForkJoinPool.commonPool-worker-3" daemon [_thread_blocked, id=14468, stack(0x0000000038fe0000,0x00000000390e0000)]
  0x000000001c032000 JavaThread "ForkJoinPool.commonPool-worker-1" daemon [_thread_blocked, id=5976, stack(0x00000000384e0000,0x00000000385e0000)]
  0x000000001c031000 JavaThread "ForkJoinPool.commonPool-worker-0" daemon [_thread_blocked, id=16076, stack(0x00000000383e0000,0x00000000384e0000)]
  0x000000001db7b800 JavaThread "ForkJoinPool.commonPool-worker-2" daemon [_thread_blocked, id=10020, stack(0x0000000022fe0000,0x00000000230e0000)]
  0x000000001db76000 JavaThread "Task worker for ':' Thread 3" [_thread_blocked, id=14956, stack(0x0000000022de0000,0x0000000022ee0000)]
  0x000000001db79000 JavaThread "Task worker for ':' Thread 2" [_thread_in_vm, id=3324, stack(0x0000000022ce0000,0x0000000022de0000)]
  0x000000001db74800 JavaThread "Task worker for ':'" [_thread_blocked, id=8372, stack(0x0000000022be0000,0x0000000022ce0000)]
  0x000000001db75800 JavaThread "Cache worker for Build Output Cleanup Cache (E:\KULIAH\TUGAS AKHIR\TravelMeCustomer\.gradle\buildOutputCleanup)" [_thread_blocked, id=14560, stack(0x0000000022ae0000,0x0000000022be0000)]
  0x000000001db77800 JavaThread "Cache worker for task history cache (E:\KULIAH\TUGAS AKHIR\TravelMeCustomer\.gradle\4.4\taskHistory)" [_thread_blocked, id=7712, stack(0x00000000229e0000,0x0000000022ae0000)]
  0x000000001db78800 JavaThread "Cache worker for file content cache (E:\KULIAH\TUGAS AKHIR\TravelMeCustomer\.gradle\4.4\fileContent)" [_thread_blocked, id=3760, stack(0x00000000228e0000,0x00000000229e0000)]
  0x000000001c6cb000 JavaThread "Memory manager" [_thread_blocked, id=6780, stack(0x0000000020420000,0x0000000020520000)]
  0x000000001c6d0800 JavaThread "build operations Thread 4" [_thread_blocked, id=15536, stack(0x000000001fd20000,0x000000001fe20000)]
  0x000000001c6ce000 JavaThread "build operations Thread 3" [_thread_blocked, id=1776, stack(0x000000001fc20000,0x000000001fd20000)]
  0x000000001c6cf800 JavaThread "build operations Thread 2" [_thread_blocked, id=5724, stack(0x000000001fb20000,0x000000001fc20000)]
  0x000000001c6cd800 JavaThread "build operations" [_thread_blocked, id=11668, stack(0x000000001e020000,0x000000001e120000)]
  0x000000001c6cf000 JavaThread "Cache worker for Artifact transforms cache (C:\Users\arindatiko\.gradle\caches\transforms-1)" [_thread_blocked, id=6620, stack(0x000000001ceb0000,0x000000001cfb0000)]
  0x000000001929a000 JavaThread "Cache worker for file hash cache (E:\KULIAH\TUGAS AKHIR\TravelMeCustomer\.gradle\4.4\fileHashes)" [_thread_blocked, id=7208, stack(0x000000001b9e0000,0x000000001bae0000)]
  0x0000000018e3f800 JavaThread "File lock request listener" [_thread_in_native, id=8324, stack(0x000000001a910000,0x000000001aa10000)]
  0x0000000018e3e800 JavaThread "Cache worker for file hash cache (C:\Users\arindatiko\.gradle\caches\4.4\fileHashes)" [_thread_blocked, id=7048, stack(0x000000001a810000,0x000000001a910000)]
  0x0000000018e77800 JavaThread "Asynchronous log dispatcher for DefaultDaemonConnection: socket connection from /127.0.0.1:60425 to /127.0.0.1:60426" [_thread_blocked, id=15740, stack(0x000000001a410000,0x000000001a510000)]
  0x0000000018f09800 JavaThread "Daemon worker" [_thread_blocked, id=2360, stack(0x000000001a310000,0x000000001a410000)]
  0x0000000018f08000 JavaThread "Cancel handler" [_thread_blocked, id=12084, stack(0x000000001a210000,0x000000001a310000)]
  0x0000000018ee9000 JavaThread "Handler for socket connection from /127.0.0.1:60425 to /127.0.0.1:60426" [_thread_in_native, id=7752, stack(0x0000000019f10000,0x000000001a010000)]
  0x0000000018ee5800 JavaThread "Daemon" [_thread_blocked, id=8044, stack(0x0000000019e10000,0x0000000019f10000)]
  0x0000000018e2f000 JavaThread "Daemon periodic checks" [_thread_blocked, id=11416, stack(0x0000000019d10000,0x0000000019e10000)]
  0x0000000018e09000 JavaThread "Incoming local TCP Connector on port 60425" [_thread_in_native, id=5716, stack(0x0000000019ad0000,0x0000000019bd0000)]
  0x00000000177e5800 JavaThread "Service Thread" daemon [_thread_blocked, id=6168, stack(0x0000000017bc0000,0x0000000017cc0000)]
  0x0000000015e8f000 JavaThread "C1 CompilerThread2" daemon [_thread_blocked, id=19824, stack(0x00000000176c0000,0x00000000177c0000)]
=>0x0000000015e7f800 JavaThread "C2 CompilerThread1" daemon [_thread_in_native, id=17140, stack(0x00000000175c0000,0x00000000176c0000)]
  0x0000000015e77800 JavaThread "C2 CompilerThread0" daemon [_thread_in_native, id=15696, stack(0x00000000174c0000,0x00000000175c0000)]
  0x0000000015e85000 JavaThread "Attach Listener" daemon [_thread_blocked, id=21440, stack(0x00000000173c0000,0x00000000174c0000)]
  0x0000000015e84000 JavaThread "Signal Dispatcher" daemon [_thread_blocked, id=12508, stack(0x00000000172c0000,0x00000000173c0000)]
  0x0000000015e68800 JavaThread "Finalizer" daemon [_thread_blocked, id=15672, stack(0x00000000170d0000,0x00000000171d0000)]
  0x0000000002501000 JavaThread "Reference Handler" daemon [_thread_blocked, id=5256, stack(0x0000000016fd0000,0x00000000170d0000)]
  0x000000000240e000 JavaThread "main" [_thread_blocked, id=12516, stack(0x00000000022c0000,0x00000000023c0000)]

Other Threads:
  0x0000000015e45800 VMThread [stack: 0x0000000016ed0000,0x0000000016fd0000] [id=14096]
  0x00000000177e9800 WatcherThread [stack: 0x0000000017cc0000,0x0000000017dc0000] [id=13724]

VM state:not at safepoint (normal execution)

VM Mutex/Monitor currently owned by a thread: None

Heap:
 PSYoungGen      total 431616K, used 260331K [0x00000000e0000000, 0x00000000fb380000, 0x0000000100000000)
  eden space 417280K, 60% used [0x00000000e0000000,0x00000000ef7633a0,0x00000000f9780000)
  from space 14336K, 48% used [0x00000000fa500000,0x00000000fabd7978,0x00000000fb300000)
  to   space 13824K, 0% used [0x00000000f9780000,0x00000000f9780000,0x00000000fa500000)
 ParOldGen       total 104448K, used 43618K [0x00000000a0000000, 0x00000000a6600000, 0x00000000e0000000)
  object space 104448K, 41% used [0x00000000a0000000,0x00000000a2a98be8,0x00000000a6600000)
 Metaspace       used 67681K, capacity 70656K, committed 70784K, reserved 1110016K
  class space    used 8934K, capacity 9574K, committed 9600K, reserved 1048576K

Card table byte_map: [0x00000000118d0000,0x0000000011be0000] byte_map_base: 0x00000000113d0000

Marking Bits: (ParMarkBitMap*) 0x0000000059cb4970
 Begin Bits: [0x00000000121e0000, 0x00000000139e0000)
 End Bits:   [0x00000000139e0000, 0x00000000151e0000)

Polling page: 0x0000000000580000

CodeCache: size=245760Kb used=38928Kb max_used=39658Kb free=206831Kb
 bounds [0x0000000002510000, 0x0000000004c30000, 0x0000000011510000]
 total_blobs=12805 nmethods=12008 adapters=708
 compilation: enabled

Compilation events (10 events):
Event: 88.549 Thread 0x0000000015e8f000 14484 %     3       com.android.tools.r8.dex.VirtualFile::getClassDescriptors @ 21 (82 bytes)
Event: 88.551 Thread 0x0000000015e8f000 nmethod 14484% 0x0000000003cc81d0 code [0x0000000003cc8400, 0x0000000003cc8fd8]
Event: 88.590 Thread 0x0000000015e8f000 14486       2       org.gradle.internal.logging.text.AbstractLineChoppingStyledTextOutput$3::execute (9 bytes)
Event: 88.591 Thread 0x0000000015e8f000 nmethod 14486 0x0000000003f3b0d0 code [0x0000000003f3b240, 0x0000000003f3b3e8]
Event: 88.591 Thread 0x0000000015e8f000 14487       2       org.gradle.internal.logging.text.AbstractLineChoppingStyledTextOutput$3::execute (72 bytes)
Event: 88.591 Thread 0x0000000015e8f000 nmethod 14487 0x0000000002783390 code [0x0000000002783520, 0x00000000027837d8]
Event: 88.592 Thread 0x0000000015e8f000 14489       2       org.gradle.internal.logging.text.AbstractLineChoppingStyledTextOutput$StateContext::next (11 bytes)
Event: 88.592 Thread 0x0000000015e8f000 nmethod 14489 0x00000000049459d0 code [0x0000000004945b20, 0x0000000004945c70]
Event: 88.592 Thread 0x0000000015e8f000 14488       2       org.gradle.internal.logging.console.StyledTextOutputBackedRenderer$OutputEventTextOutputImpl::doEndLine (17 bytes)
Event: 88.592 Thread 0x0000000015e8f000 nmethod 14488 0x0000000003f4d6d0 code [0x0000000003f4d840, 0x0000000003f4da58]

GC Heap History (10 events):
Event: 66.584 GC heap before
{Heap before GC invocations=31 (full 3):
 PSYoungGen      total 431104K, used 426811K [0x00000000e0000000, 0x00000000fb380000, 0x0000000100000000)
  eden space 417280K, 100% used [0x00000000e0000000,0x00000000f9780000,0x00000000f9780000)
  from space 13824K, 68% used [0x00000000f9780000,0x00000000fa0ceeb8,0x00000000fa500000)
  to   space 14336K, 0% used [0x00000000fa500000,0x00000000fa500000,0x00000000fb300000)
 ParOldGen       total 104448K, used 42118K [0x00000000a0000000, 0x00000000a6600000, 0x00000000e0000000)
  object space 104448K, 40% used [0x00000000a0000000,0x00000000a2921b68,0x00000000a6600000)
 Metaspace       used 66438K, capacity 69292K, committed 69376K, reserved 1110016K
  class space    used 8848K, capacity 9432K, committed 9472K, reserved 1048576K
Event: 66.599 GC heap after
Heap after GC invocations=31 (full 3):
 PSYoungGen      total 431616K, used 2304K [0x00000000e0000000, 0x00000000fb380000, 0x0000000100000000)
  eden space 417280K, 0% used [0x00000000e0000000,0x00000000e0000000,0x00000000f9780000)
  from space 14336K, 16% used [0x00000000fa500000,0x00000000fa740020,0x00000000fb300000)
  to   space 13824K, 0% used [0x00000000f9780000,0x00000000f9780000,0x00000000fa500000)
 ParOldGen       total 104448K, used 42126K [0x00000000a0000000, 0x00000000a6600000, 0x00000000e0000000)
  object space 104448K, 40% used [0x00000000a0000000,0x00000000a2923b68,0x00000000a6600000)
 Metaspace       used 66438K, capacity 69292K, committed 69376K, reserved 1110016K
  class space    used 8848K, capacity 9432K, committed 9472K, reserved 1048576K
}
Event: 68.736 GC heap before
{Heap before GC invocations=32 (full 3):
 PSYoungGen      total 431616K, used 419584K [0x00000000e0000000, 0x00000000fb380000, 0x0000000100000000)
  eden space 417280K, 100% used [0x00000000e0000000,0x00000000f9780000,0x00000000f9780000)
  from space 14336K, 16% used [0x00000000fa500000,0x00000000fa740020,0x00000000fb300000)
  to   space 13824K, 0% used [0x00000000f9780000,0x00000000f9780000,0x00000000fa500000)
 ParOldGen       total 104448K, used 42126K [0x00000000a0000000, 0x00000000a6600000, 0x00000000e0000000)
  object space 104448K, 40% used [0x00000000a0000000,0x00000000a2923b68,0x00000000a6600000)
 Metaspace       used 66470K, capacity 69292K, committed 69376K, reserved 1110016K
  class space    used 8848K, capacity 9432K, committed 9472K, reserved 1048576K
Event: 68.751 GC heap after
Heap after GC invocations=32 (full 3):
 PSYoungGen      total 431104K, used 2825K [0x00000000e0000000, 0x00000000fb380000, 0x0000000100000000)
  eden space 417280K, 0% used [0x00000000e0000000,0x00000000e0000000,0x00000000f9780000)
  from space 13824K, 20% used [0x00000000f9780000,0x00000000f9a424c0,0x00000000fa500000)
  to   space 14336K, 0% used [0x00000000fa500000,0x00000000fa500000,0x00000000fb300000)
 ParOldGen       total 104448K, used 43546K [0x00000000a0000000, 0x00000000a6600000, 0x00000000e0000000)
  object space 104448K, 41% used [0x00000000a0000000,0x00000000a2a86be8,0x00000000a6600000)
 Metaspace       used 66470K, capacity 69292K, committed 69376K, reserved 1110016K
  class space    used 8848K, capacity 9432K, committed 9472K, reserved 1048576K
}
Event: 71.982 GC heap before
{Heap before GC invocations=33 (full 3):
 PSYoungGen      total 431104K, used 420088K [0x00000000e0000000, 0x00000000fb380000, 0x0000000100000000)
  eden space 417280K, 99% used [0x00000000e0000000,0x00000000f977bee0,0x00000000f9780000)
  from space 13824K, 20% used [0x00000000f9780000,0x00000000f9a424c0,0x00000000fa500000)
  to   space 14336K, 0% used [0x00000000fa500000,0x00000000fa500000,0x00000000fb300000)
 ParOldGen       total 104448K, used 43546K [0x00000000a0000000, 0x00000000a6600000, 0x00000000e0000000)
  object space 104448K, 41% used [0x00000000a0000000,0x00000000a2a86be8,0x00000000a6600000)
 Metaspace       used 66616K, capacity 69476K, committed 69632K, reserved 1110016K
  class space    used 8856K, capacity 9468K, committed 9472K, reserved 1048576K
Event: 71.994 GC heap after
Heap after GC invocations=33 (full 3):
 PSYoungGen      total 431616K, used 1827K [0x00000000e0000000, 0x00000000fb380000, 0x0000000100000000)
  eden space 417280K, 0% used [0x00000000e0000000,0x00000000e0000000,0x00000000f9780000)
  from space 14336K, 12% used [0x00000000fa500000,0x00000000fa6c8ff0,0x00000000fb300000)
  to   space 13824K, 0% used [0x00000000f9780000,0x00000000f9780000,0x00000000fa500000)
 ParOldGen       total 104448K, used 43578K [0x00000000a0000000, 0x00000000a6600000, 0x00000000e0000000)
  object space 104448K, 41% used [0x00000000a0000000,0x00000000a2a8ebe8,0x00000000a6600000)
 Metaspace       used 66616K, capacity 69476K, committed 69632K, reserved 1110016K
  class space    used 8856K, capacity 9468K, committed 9472K, reserved 1048576K
}
Event: 76.609 GC heap before
{Heap before GC invocations=34 (full 3):
 PSYoungGen      total 431616K, used 419107K [0x00000000e0000000, 0x00000000fb380000, 0x0000000100000000)
  eden space 417280K, 100% used [0x00000000e0000000,0x00000000f9780000,0x00000000f9780000)
  from space 14336K, 12% used [0x00000000fa500000,0x00000000fa6c8ff0,0x00000000fb300000)
  to   space 13824K, 0% used [0x00000000f9780000,0x00000000f9780000,0x00000000fa500000)
 ParOldGen       total 104448K, used 43578K [0x00000000a0000000, 0x00000000a6600000, 0x00000000e0000000)
  object space 104448K, 41% used [0x00000000a0000000,0x00000000a2a8ebe8,0x00000000a6600000)
 Metaspace       used 66712K, capacity 69604K, committed 69632K, reserved 1110016K
  class space    used 8856K, capacity 9468K, committed 9472K, reserved 1048576K
Event: 76.634 GC heap after
Heap after GC invocations=34 (full 3):
 PSYoungGen      total 431104K, used 5516K [0x00000000e0000000, 0x00000000fb380000, 0x0000000100000000)
  eden space 417280K, 0% used [0x00000000e0000000,0x00000000e0000000,0x00000000f9780000)
  from space 13824K, 39% used [0x00000000f9780000,0x00000000f9ce3270,0x00000000fa500000)
  to   space 14336K, 0% used [0x00000000fa500000,0x00000000fa500000,0x00000000fb300000)
 ParOldGen       total 104448K, used 43594K [0x00000000a0000000, 0x00000000a6600000, 0x00000000e0000000)
  object space 104448K, 41% used [0x00000000a0000000,0x00000000a2a92be8,0x00000000a6600000)
 Metaspace       used 66712K, capacity 69604K, committed 69632K, reserved 1110016K
  class space    used 8856K, capacity 9468K, committed 9472K, reserved 1048576K
}
Event: 85.829 GC heap before
{Heap before GC invocations=35 (full 3):
 PSYoungGen      total 431104K, used 422459K [0x00000000e0000000, 0x00000000fb380000, 0x0000000100000000)
  eden space 417280K, 99% used [0x00000000e0000000,0x00000000f972bbd8,0x00000000f9780000)
  from space 13824K, 39% used [0x00000000f9780000,0x00000000f9ce3270,0x00000000fa500000)
  to   space 14336K, 0% used [0x00000000fa500000,0x00000000fa500000,0x00000000fb300000)
 ParOldGen       total 104448K, used 43594K [0x00000000a0000000, 0x00000000a6600000, 0x00000000e0000000)
  object space 104448K, 41% used [0x00000000a0000000,0x00000000a2a92be8,0x00000000a6600000)
 Metaspace       used 67600K, capacity 70568K, committed 70784K, reserved 1110016K
  class space    used 8928K, capacity 9570K, committed 9600K, reserved 1048576K
Event: 85.846 GC heap after
Heap after GC invocations=35 (full 3):
 PSYoungGen      total 431616K, used 7006K [0x00000000e0000000, 0x00000000fb380000, 0x0000000100000000)
  eden space 417280K, 0% used [0x00000000e0000000,0x00000000e0000000,0x00000000f9780000)
  from space 14336K, 48% used [0x00000000fa500000,0x00000000fabd7978,0x00000000fb300000)
  to   space 13824K, 0% used [0x00000000f9780000,0x00000000f9780000,0x00000000fa500000)
 ParOldGen       total 104448K, used 43618K [0x00000000a0000000, 0x00000000a6600000, 0x00000000e0000000)
  object space 104448K, 41% used [0x00000000a0000000,0x00000000a2a98be8,0x00000000a6600000)
 Metaspace       used 67600K, capacity 70568K, committed 70784K, reserved 1110016K
  class space    used 8928K, capacity 9570K, committed 9600K, reserved 1048576K
}

Deoptimization events (10 events):
Event: 87.950 Thread 0x000000001c02f000 Uncommon trap: reason=array_check action=maybe_recompile pc=0x0000000004b5deb8 method=java.util.TimSort.mergeHi(IIII)V @ 171
Event: 87.950 Thread 0x000000001c02f000 Uncommon trap: reason=array_check action=maybe_recompile pc=0x0000000004b5b61c method=java.util.TimSort.mergeLo(IIII)V @ 468
Event: 87.950 Thread 0x000000001c02f000 Uncommon trap: reason=array_check action=maybe_recompile pc=0x0000000004b5b61c method=java.util.TimSort.mergeLo(IIII)V @ 468
Event: 87.950 Thread 0x000000001c02f000 Uncommon trap: reason=array_check action=maybe_recompile pc=0x0000000004b5da08 method=java.util.TimSort.mergeHi(IIII)V @ 282
Event: 87.960 Thread 0x000000001c02f000 Uncommon trap: reason=array_check action=maybe_recompile pc=0x0000000004b3ef7c method=java.util.TimSort.mergeHi(IIII)V @ 419
Event: 87.994 Thread 0x000000001c02f000 Uncommon trap: reason=array_check action=maybe_recompile pc=0x0000000004b58c30 method=java.util.TimSort.mergeLo(IIII)V @ 590
Event: 88.004 Thread 0x000000001c02f000 Uncommon trap: reason=array_check action=maybe_recompile pc=0x0000000004b3edd4 method=java.util.TimSort.mergeHi(IIII)V @ 282
Event: 88.583 Thread 0x000000001db7b800 Uncommon trap: reason=class_check action=maybe_recompile pc=0x0000000002e73d00 method=java.lang.Throwable.<init>(Ljava/lang/String;Ljava/lang/Throwable;)V @ 24
Event: 88.590 Thread 0x000000001db79000 Uncommon trap: reason=unstable_if action=reinterpret pc=0x0000000003a6bb64 method=org.gradle.internal.logging.sink.OutputEventRenderer$4.onOutput(Lorg/gradle/internal/logging/events/OutputEvent;)V @ 7
Event: 88.610 Thread 0x000000001db79000 Uncommon trap: reason=unstable_if action=reinterpret pc=0x0000000003ae6788 method=org.gradle.tooling.internal.provider.runner.ClientForwardingBuildOperationListener.adaptResult(Lorg/gradle/internal/progress/OperationFinishEvent;)Lorg/gradle/tooling/intern

Classes redefined (0 events):
No events

Internal exceptions (10 events):
Event: 85.938 Thread 0x000000001c032000 Exception <a 'sun/nio/fs/WindowsException'> (0x00000000e060d808) thrown at [D:\src\AOSP-openjdk-cygwin\jdk8u\hotspot\src\share\vm\prims\jni.cpp, line 709]
Event: 85.984 Thread 0x000000001c03b000 Exception <a 'sun/nio/fs/WindowsException'> (0x00000000e1a1e3f8) thrown at [D:\src\AOSP-openjdk-cygwin\jdk8u\hotspot\src\share\vm\prims\jni.cpp, line 709]
Event: 85.997 Thread 0x000000001c02c000 Exception <a 'sun/nio/fs/WindowsException'> (0x00000000e279f448) thrown at [D:\src\AOSP-openjdk-cygwin\jdk8u\hotspot\src\share\vm\prims\jni.cpp, line 709]
Event: 86.001 Thread 0x000000001c030800 Exception <a 'sun/nio/fs/WindowsException'> (0x00000000e286bc88) thrown at [D:\src\AOSP-openjdk-cygwin\jdk8u\hotspot\src\share\vm\prims\jni.cpp, line 709]
Event: 86.005 Thread 0x000000001c036000 Exception <a 'sun/nio/fs/WindowsException'> (0x00000000e0a83df0) thrown at [D:\src\AOSP-openjdk-cygwin\jdk8u\hotspot\src\share\vm\prims\jni.cpp, line 709]
Event: 86.055 Thread 0x000000001c02d800 Exception <a 'sun/nio/fs/WindowsException'> (0x00000000e33f6c78) thrown at [D:\src\AOSP-openjdk-cygwin\jdk8u\hotspot\src\share\vm\prims\jni.cpp, line 709]
Event: 86.089 Thread 0x000000001c033000 Exception <a 'sun/nio/fs/WindowsException'> (0x00000000e3570688) thrown at [D:\src\AOSP-openjdk-cygwin\jdk8u\hotspot\src\share\vm\prims\jni.cpp, line 709]
Event: 88.551 Thread 0x000000001c02f000 Exception <a 'sun/nio/fs/WindowsException'> (0x00000000ef538dc0) thrown at [D:\src\AOSP-openjdk-cygwin\jdk8u\hotspot\src\share\vm\prims\jni.cpp, line 709]
Event: 88.558 Thread 0x000000001c02f000 Exception <a 'java/lang/OutOfMemoryError'> (0x00000000ef539808) thrown at [D:\src\AOSP-openjdk-cygwin\jdk8u\hotspot\src\share\vm\prims\unsafe.cpp, line 634]
Event: 88.609 Thread 0x000000001db79000 Exception <a 'java/lang/reflect/InvocationTargetException'> (0x00000000ef5f1bb8) thrown at [D:\src\AOSP-openjdk-cygwin\jdk8u\hotspot\src\share\vm\runtime\reflection.cpp, line 1092]

Events (10 events):
Event: 88.590 Thread 0x000000001db79000 Uncommon trap: trap_request=0xffffff65 fr.pc=0x0000000003a6bb64
Event: 88.590 Thread 0x000000001db79000 DEOPT PACKING pc=0x0000000003a6bb64 sp=0x0000000022ddcc70
Event: 88.590 Thread 0x000000001db79000 DEOPT UNPACKING pc=0x000000000255557b sp=0x0000000022ddcc00 mode 2
Event: 88.610 Thread 0x000000001db79000 Uncommon trap: trap_request=0xffffff65 fr.pc=0x0000000003ae6788
Event: 88.610 Thread 0x000000001db79000 DEOPT PACKING pc=0x0000000003ae6788 sp=0x0000000022ddda80
Event: 88.610 Thread 0x000000001db79000 DEOPT UNPACKING pc=0x000000000255557b sp=0x0000000022ddd840 mode 2
Event: 88.610 loading class org/gradle/tooling/internal/provider/events/DefaultFailure
Event: 88.610 loading class org/gradle/tooling/internal/provider/events/DefaultFailure done
Event: 88.610 loading class org/gradle/tooling/internal/protocol/InternalFailure
Event: 88.610 loading class org/gradle/tooling/internal/protocol/InternalFailure done


Dynamic libraries:
0x00007ff6390f0000 - 0x00007ff639121000 	C:\Program Files\Android\Android Studio\jre\bin\java.exe
0x00007ffd106b0000 - 0x00007ffd10891000 	C:\WINDOWS\SYSTEM32\ntdll.dll
0x00007ffd0fcd0000 - 0x00007ffd0fd82000 	C:\WINDOWS\System32\KERNEL32.DLL
0x00007ffd0cc70000 - 0x00007ffd0cee3000 	C:\WINDOWS\System32\KERNELBASE.dll
0x00007ffd0fc00000 - 0x00007ffd0fca1000 	C:\WINDOWS\System32\ADVAPI32.dll
0x00007ffd0f410000 - 0x00007ffd0f4ae000 	C:\WINDOWS\System32\msvcrt.dll
0x00007ffd0dd10000 - 0x00007ffd0dd6b000 	C:\WINDOWS\System32\sechost.dll
0x00007ffd0f840000 - 0x00007ffd0f964000 	C:\WINDOWS\System32\RPCRT4.dll
0x00007ffd0fdc0000 - 0x00007ffd0ff50000 	C:\WINDOWS\System32\USER32.dll
0x00007ffd0d190000 - 0x00007ffd0d1b0000 	C:\WINDOWS\System32\win32u.dll
0x00007ffd0fd90000 - 0x00007ffd0fdb8000 	C:\WINDOWS\System32\GDI32.dll
0x00007ffd0d1b0000 - 0x00007ffd0d342000 	C:\WINDOWS\System32\gdi32full.dll
0x00007ffd0ca80000 - 0x00007ffd0cb1f000 	C:\WINDOWS\System32\msvcp_win.dll
0x00007ffd0cb20000 - 0x00007ffd0cc1a000 	C:\WINDOWS\System32\ucrtbase.dll
0x00007ffd01d90000 - 0x00007ffd01ff9000 	C:\WINDOWS\WinSxS\amd64_microsoft.windows.common-controls_6595b64144ccf1df_6.0.17134.137_none_fb44974530639b67\COMCTL32.dll
0x00007ffd0f510000 - 0x00007ffd0f833000 	C:\WINDOWS\System32\combase.dll
0x00007ffd0dac0000 - 0x00007ffd0db3a000 	C:\WINDOWS\System32\bcryptPrimitives.dll
0x00007ffd0df20000 - 0x00007ffd0df4d000 	C:\WINDOWS\System32\IMM32.DLL
0x0000000058fb0000 - 0x0000000059082000 	C:\Program Files\Android\Android Studio\jre\jre\bin\msvcr100.dll
0x00000000594f0000 - 0x0000000059d2f000 	C:\Program Files\Android\Android Studio\jre\jre\bin\server\jvm.dll
0x00007ffd0fbf0000 - 0x00007ffd0fbf8000 	C:\WINDOWS\System32\PSAPI.DLL
0x00007ffd0a2f0000 - 0x00007ffd0a313000 	C:\WINDOWS\SYSTEM32\WINMM.dll
0x00007ffd0a560000 - 0x00007ffd0a569000 	C:\WINDOWS\SYSTEM32\WSOCK32.dll
0x00007ffd06640000 - 0x00007ffd0664a000 	C:\WINDOWS\SYSTEM32\VERSION.dll
0x00007ffd10040000 - 0x00007ffd100ac000 	C:\WINDOWS\System32\WS2_32.dll
0x00007ffd0a2a0000 - 0x00007ffd0a2ca000 	C:\WINDOWS\SYSTEM32\WINMMBASE.dll
0x00007ffd0cc20000 - 0x00007ffd0cc69000 	C:\WINDOWS\System32\cfgmgr32.dll
0x00007ffd0a3e0000 - 0x00007ffd0a3ef000 	C:\Program Files\Android\Android Studio\jre\jre\bin\verify.dll
0x00007ffd09460000 - 0x00007ffd09489000 	C:\Program Files\Android\Android Studio\jre\jre\bin\java.dll
0x00007ffd09440000 - 0x00007ffd09456000 	C:\Program Files\Android\Android Studio\jre\jre\bin\zip.dll
0x00007ffd0dfd0000 - 0x00007ffd0f410000 	C:\WINDOWS\System32\SHELL32.dll
0x00007ffd0de70000 - 0x00007ffd0df19000 	C:\WINDOWS\System32\shcore.dll
0x00007ffd0d3b0000 - 0x00007ffd0dabd000 	C:\WINDOWS\System32\windows.storage.dll
0x00007ffd0f4b0000 - 0x00007ffd0f501000 	C:\WINDOWS\System32\shlwapi.dll
0x00007ffd0ca60000 - 0x00007ffd0ca71000 	C:\WINDOWS\System32\kernel.appcore.dll
0x00007ffd0ca40000 - 0x00007ffd0ca5f000 	C:\WINDOWS\System32\profapi.dll
0x00007ffd0c9f0000 - 0x00007ffd0ca3c000 	C:\WINDOWS\System32\powrprof.dll
0x00007ffd0c9e0000 - 0x00007ffd0c9ea000 	C:\WINDOWS\System32\FLTLIB.DLL
0x00007ffd093f0000 - 0x00007ffd0940a000 	C:\Program Files\Android\Android Studio\jre\jre\bin\net.dll
0x00007ffd0c1e0000 - 0x00007ffd0c246000 	C:\WINDOWS\system32\mswsock.dll
0x00007ffd093d0000 - 0x00007ffd093e1000 	C:\Program Files\Android\Android Studio\jre\jre\bin\nio.dll
0x00007ffd08d10000 - 0x00007ffd08d2e000 	C:\Users\arindatiko\.gradle\native\25\windows-amd64\native-platform.dll
0x00007ffd09a60000 - 0x00007ffd09a6d000 	C:\Program Files\Android\Android Studio\jre\jre\bin\management.dll
0x00007ffd0c390000 - 0x00007ffd0c3a7000 	C:\WINDOWS\SYSTEM32\CRYPTSP.dll
0x00007ffd0bdc0000 - 0x00007ffd0bdf3000 	C:\WINDOWS\system32\rsaenh.dll
0x00007ffd0c4c0000 - 0x00007ffd0c4e5000 	C:\WINDOWS\SYSTEM32\bcrypt.dll
0x00007ffd0c8c0000 - 0x00007ffd0c8e8000 	C:\WINDOWS\SYSTEM32\USERENV.dll
0x00007ffd0c3b0000 - 0x00007ffd0c3bb000 	C:\WINDOWS\SYSTEM32\CRYPTBASE.dll
0x00007ffd0bf60000 - 0x00007ffd0bf98000 	C:\WINDOWS\SYSTEM32\IPHLPAPI.DLL
0x00007ffd0dd00000 - 0x00007ffd0dd08000 	C:\WINDOWS\System32\NSI.dll
0x00007ffd05280000 - 0x00007ffd05296000 	C:\WINDOWS\SYSTEM32\dhcpcsvc6.DLL
0x00007ffd05310000 - 0x00007ffd0532a000 	C:\WINDOWS\SYSTEM32\dhcpcsvc.DLL
0x00007ffd0ba80000 - 0x00007ffd0bab1000 	C:\WINDOWS\SYSTEM32\ntmarta.dll

VM Arguments:
jvm_args: -Xmx1536m -Dfile.encoding=windows-1252 -Duser.country=GB -Duser.language=en -Duser.variant 
java_command: org.gradle.launcher.daemon.bootstrap.GradleDaemon 4.4
java_class_path (initial): C:\Users\arindatiko\.gradle\wrapper\dists\gradle-4.4-all\9br9xq1tocpiv8o6njlyu5op1\gradle-4.4\lib\gradle-launcher-4.4.jar
Launcher Type: SUN_STANDARD

Environment Variables:
PATH=C:\WINDOWS\system32;C:\WINDOWS;C:\WINDOWS\System32\Wbem;C:\WINDOWS\System32\WindowsPowerShell\v1.0\;C:\Program Files\Microsoft SQL Server\130\Tools\Binn\;C:\Program Files (x86)\Git\cmd;C:\xampp\php;;C:\WINDOWS\System32\OpenSSH\;C:\Users\arindatiko\AppData\Local\Microsoft\WindowsApps;
USERNAME=arindatiko
OS=Windows_NT
PROCESSOR_IDENTIFIER=Intel64 Family 6 Model 58 Stepping 9, GenuineIntel



---------------  S Y S T E M  ---------------

OS: Windows 10.0 , 64 bit Build 17134 (10.0.17134.1)

CPU:total 4 (initial active 4) (2 cores per cpu, 2 threads per core) family 6 model 58 stepping 9, cmov, cx8, fxsr, mmx, sse, sse2, sse3, ssse3, sse4.1, sse4.2, popcnt, avx, clmul, erms, ht, tsc, tscinvbit, tscinv

Memory: 4k page, physical 4077352k(828900k free), swap 16660264k(4328k free)

vm_info: OpenJDK 64-Bit Server VM (25.152-b02) for windows-amd64 JRE (1.8.0_152-release-1024-b02), built by "builder" with MS VC++ 10.0 (VS2010)

time: Thu Jul 12 12:48:13 2018
elapsed time: 88 seconds (0d 0h 1m 28s)

