#
# There is insufficient memory for the Java Runtime Environment to continue.
# Native memory allocation (malloc) failed to allocate 1641296 bytes for Chunk::new
# Possible reasons:
#   The system is out of physical RAM or swap space
#   In 32 bit mode, the process size limit was hit
# Possible solutions:
#   Reduce memory load on the system
#   Increase physical memory or swap space
#   Check if swap backing store is full
#   Use 64 bit Java on a 64 bit OS
#   Decrease Java heap size (-Xmx/-Xms)
#   Decrease number of Java threads
#   Decrease Java thread stack sizes (-Xss)
#   Set larger code cache with -XX:ReservedCodeCacheSize=
# This output file may be truncated or incomplete.
#
#  Out of Memory Error (allocation.cpp:390), pid=15668, tid=0x0000000000001cc4
#
# JRE version: OpenJDK Runtime Environment (8.0_152-b02) (build 1.8.0_152-release-1024-b02)
# Java VM: OpenJDK 64-Bit Server VM (25.152-b02 mixed mode windows-amd64 compressed oops)
# Failed to write core dump. Minidumps are not enabled by default on client versions of Windows
#

---------------  T H R E A D  ---------------

Current thread (0x000000001683b800):  JavaThread "C2 CompilerThread1" daemon [_thread_in_native, id=7364, stack(0x0000000017f90000,0x0000000018090000)]

Stack: [0x0000000017f90000,0x0000000018090000]
[error occurred during error reporting (printing stack bounds), id 0xc0000005]

Native frames: (J=compiled Java code, j=interpreted, Vv=VM code, C=native code)


Current CompileTask:
C2:  94174 12502       4       org.gradle.api.internal.artifacts.transform.DefaultVariantTransformRegistration::transform (9 bytes)


---------------  P R O C E S S  ---------------

Java Threads: ( => current thread )
  0x000000001f403000 JavaThread "ForkJoinPool.commonPool-worker-0" daemon [_thread_blocked, id=12720, stack(0x0000000025c70000,0x0000000025d70000)]
  0x000000001f404000 JavaThread "ForkJoinPool.commonPool-worker-2" daemon [_thread_blocked, id=5776, stack(0x0000000025a70000,0x0000000025b70000)]
  0x000000001f407800 JavaThread "ForkJoinPool.commonPool-worker-1" daemon [_thread_in_native, id=4828, stack(0x0000000025970000,0x0000000025a70000)]
  0x000000001f401800 JavaThread "Cache worker for Java compile cache (E:\KULIAH\TUGAS AKHIR\TravelMeCustomer\.gradle\4.4\javaCompile)" [_thread_blocked, id=2388, stack(0x0000000025870000,0x0000000025970000)]
  0x000000001bef3800 JavaThread "Task worker for ':' Thread 3" [_thread_blocked, id=4972, stack(0x0000000023b70000,0x0000000023c70000)]
  0x000000001bef0800 JavaThread "Task worker for ':' Thread 2" [_thread_blocked, id=6928, stack(0x0000000023a70000,0x0000000023b70000)]
  0x000000001bef3000 JavaThread "Task worker for ':'" [_thread_blocked, id=10956, stack(0x0000000023970000,0x0000000023a70000)]
  0x000000001bef0000 JavaThread "Cache worker for Build Output Cleanup Cache (E:\KULIAH\TUGAS AKHIR\TravelMeCustomer\.gradle\buildOutputCleanup)" [_thread_blocked, id=9988, stack(0x00000000235a0000,0x00000000236a0000)]
  0x000000001bef2000 JavaThread "Cache worker for task history cache (E:\KULIAH\TUGAS AKHIR\TravelMeCustomer\.gradle\4.4\taskHistory)" [_thread_blocked, id=2672, stack(0x0000000023240000,0x0000000023340000)]
  0x000000001beef000 JavaThread "Cache worker for file content cache (E:\KULIAH\TUGAS AKHIR\TravelMeCustomer\.gradle\4.4\fileContent)" [_thread_blocked, id=6672, stack(0x0000000022f40000,0x0000000023040000)]
  0x0000000019947000 JavaThread "Memory manager" [_thread_blocked, id=14568, stack(0x0000000020eb0000,0x0000000020fb0000)]
  0x000000001994d000 JavaThread "build operations Thread 4" [_thread_blocked, id=13824, stack(0x00000000207b0000,0x00000000208b0000)]
  0x000000001994c000 JavaThread "build operations Thread 3" [_thread_blocked, id=5564, stack(0x00000000206b0000,0x00000000207b0000)]
  0x000000001994b800 JavaThread "build operations Thread 2" [_thread_blocked, id=15148, stack(0x00000000205b0000,0x00000000206b0000)]
  0x0000000019949000 JavaThread "build operations" [_thread_blocked, id=12620, stack(0x00000000204b0000,0x00000000205b0000)]
  0x0000000019948800 JavaThread "Cache worker for Artifact transforms cache (C:\Users\arindatiko\.gradle\caches\transforms-1)" [_thread_blocked, id=17364, stack(0x00000000201b0000,0x00000000202b0000)]
  0x0000000019f73800 JavaThread "Cache worker for file hash cache (E:\KULIAH\TUGAS AKHIR\TravelMeCustomer\.gradle\4.4\fileHashes)" [_thread_blocked, id=7904, stack(0x000000001c3d0000,0x000000001c4d0000)]
  0x0000000019ccc800 JavaThread "File lock request listener" [_thread_in_native, id=2876, stack(0x000000001b300000,0x000000001b400000)]
  0x0000000019887000 JavaThread "Cache worker for file hash cache (C:\Users\arindatiko\.gradle\caches\4.4\fileHashes)" [_thread_blocked, id=21076, stack(0x000000001b200000,0x000000001b300000)]
  0x00000000197d5800 JavaThread "Asynchronous log dispatcher for DefaultDaemonConnection: socket connection from /127.0.0.1:58360 to /127.0.0.1:58361" [_thread_blocked, id=12616, stack(0x000000001ae00000,0x000000001af00000)]
  0x00000000197cf000 JavaThread "Daemon worker" [_thread_blocked, id=12328, stack(0x000000001ad00000,0x000000001ae00000)]
  0x00000000197cd800 JavaThread "Cancel handler" [_thread_blocked, id=3348, stack(0x000000001ac00000,0x000000001ad00000)]
  0x0000000018faa000 JavaThread "Handler for socket connection from /127.0.0.1:58360 to /127.0.0.1:58361" [_thread_in_native, id=3944, stack(0x000000001a900000,0x000000001aa00000)]
  0x0000000018fa9000 JavaThread "Daemon" [_thread_blocked, id=18880, stack(0x000000001a800000,0x000000001a900000)]
  0x0000000019727000 JavaThread "Daemon periodic checks" [_thread_blocked, id=14272, stack(0x000000001a700000,0x000000001a800000)]
  0x0000000019708000 JavaThread "Incoming local TCP Connector on port 58360" [_thread_in_native, id=7016, stack(0x000000001a4c0000,0x000000001a5c0000)]
  0x00000000181b8800 JavaThread "Service Thread" daemon [_thread_blocked, id=5516, stack(0x0000000018590000,0x0000000018690000)]
  0x0000000016843000 JavaThread "C1 CompilerThread2" daemon [_thread_blocked, id=20856, stack(0x0000000018090000,0x0000000018190000)]
=>0x000000001683b800 JavaThread "C2 CompilerThread1" daemon [_thread_in_native, id=7364, stack(0x0000000017f90000,0x0000000018090000)]
  0x0000000016847800 JavaThread "C2 CompilerThread0" daemon [_thread_in_native, id=20596, stack(0x0000000017e90000,0x0000000017f90000)]
  0x0000000016846800 JavaThread "Attach Listener" daemon [_thread_blocked, id=2456, stack(0x0000000017d90000,0x0000000017e90000)]
  0x0000000016845800 JavaThread "Signal Dispatcher" daemon [_thread_blocked, id=1252, stack(0x0000000017c90000,0x0000000017d90000)]
  0x0000000016828800 JavaThread "Finalizer" daemon [_thread_blocked, id=13448, stack(0x0000000017aa0000,0x0000000017ba0000)]
  0x0000000002ec3000 JavaThread "Reference Handler" daemon [_thread_blocked, id=8204, stack(0x00000000179a0000,0x0000000017aa0000)]
  0x000000000103e000 JavaThread "main" [_thread_blocked, id=15820, stack(0x0000000002cd0000,0x0000000002dd0000)]

Other Threads:
  0x0000000016805800 VMThread [stack: 0x00000000178a0000,0x00000000179a0000] [id=13180]
  0x000000001689e000 WatcherThread [stack: 0x0000000018690000,0x0000000018790000] [id=15372]

VM state:not at safepoint (normal execution)

VM Mutex/Monitor currently owned by a thread: None

Heap:
 PSYoungGen      total 209408K, used 118952K [0x00000000e0000000, 0x00000000f4800000, 0x0000000100000000)
  eden space 184832K, 64% used [0x00000000e0000000,0x00000000e742a250,0x00000000eb480000)
  from space 24576K, 0% used [0x00000000eb480000,0x00000000eb480000,0x00000000ecc80000)
  to   space 44032K, 0% used [0x00000000f1d00000,0x00000000f1d00000,0x00000000f4800000)
 ParOldGen       total 115712K, used 53968K [0x00000000a0000000, 0x00000000a7100000, 0x00000000e0000000)
  object space 115712K, 46% used [0x00000000a0000000,0x00000000a34b4160,0x00000000a7100000)
 Metaspace       used 67606K, capacity 70134K, committed 70272K, reserved 1110016K
  class space    used 8885K, capacity 9486K, committed 9600K, reserved 1048576K

Card table byte_map: [0x0000000012290000,0x00000000125a0000] byte_map_base: 0x0000000011d90000

Marking Bits: (ParMarkBitMap*) 0x0000000059cb4970
 Begin Bits: [0x0000000012ba0000, 0x00000000143a0000)
 End Bits:   [0x00000000143a0000, 0x0000000015ba0000)

Polling page: 0x00000000014b0000

CodeCache: size=245760Kb used=34888Kb max_used=35159Kb free=210871Kb
 bounds [0x0000000002ed0000, 0x0000000005190000, 0x0000000011ed0000]
 total_blobs=10833 nmethods=10022 adapters=723
 compilation: enabled

Compilation events (10 events):
Event: 93.910 Thread 0x0000000016843000 12527       3       com.google.common.collect.Sets$2::isEmpty (16 bytes)
Event: 93.911 Thread 0x0000000016843000 nmethod 12527 0x0000000005077bd0 code [0x0000000005077dc0, 0x00000000050786d8]
Event: 93.931 Thread 0x0000000016843000 12529   !   3       java.io.File::mkdirs (67 bytes)
Event: 93.933 Thread 0x0000000016843000 nmethod 12529 0x0000000005096110 code [0x0000000005096400, 0x0000000005097508]
Event: 93.986 Thread 0x0000000016843000 12530       3       java.util.Collection::stream (11 bytes)
Event: 93.987 Thread 0x0000000016843000 nmethod 12530 0x000000000466fed0 code [0x0000000004670080, 0x00000000046705f8]
Event: 94.041 Thread 0x0000000016843000 12532       3       sun.nio.fs.WindowsPathParser::isSlash (18 bytes)
Event: 94.041 Thread 0x0000000016843000 nmethod 12532 0x0000000003d3a2d0 code [0x0000000003d3a420, 0x0000000003d3a5f0]
Event: 94.043 Thread 0x0000000016843000 12533       3       java.util.regex.Pattern$SliceU::match (99 bytes)
Event: 94.044 Thread 0x0000000016843000 nmethod 12533 0x0000000003dccd50 code [0x0000000003dccf40, 0x0000000003dcd6d8]

GC Heap History (10 events):
Event: 43.482 GC heap before
{Heap before GC invocations=16 (full 3):
 PSYoungGen      total 172032K, used 13846K [0x00000000e0000000, 0x00000000ee400000, 0x0000000100000000)
  eden space 151552K, 0% used [0x00000000e0000000,0x00000000e0000000,0x00000000e9400000)
  from space 20480K, 67% used [0x00000000e9400000,0x00000000ea185ac0,0x00000000ea800000)
  to   space 20992K, 0% used [0x00000000ecf80000,0x00000000ecf80000,0x00000000ee400000)
 ParOldGen       total 62976K, used 46140K [0x00000000a0000000, 0x00000000a3d80000, 0x00000000e0000000)
  object space 62976K, 73% used [0x00000000a0000000,0x00000000a2d0f1b8,0x00000000a3d80000)
 Metaspace       used 56983K, capacity 58872K, committed 59008K, reserved 1099776K
  class space    used 7766K, capacity 8227K, committed 8320K, reserved 1048576K
Event: 43.910 GC heap after
Heap after GC invocations=16 (full 3):
 PSYoungGen      total 172032K, used 0K [0x00000000e0000000, 0x00000000ee400000, 0x0000000100000000)
  eden space 151552K, 0% used [0x00000000e0000000,0x00000000e0000000,0x00000000e9400000)
  from space 20480K, 0% used [0x00000000e9400000,0x00000000e9400000,0x00000000ea800000)
  to   space 20992K, 0% used [0x00000000ecf80000,0x00000000ecf80000,0x00000000ee400000)
 ParOldGen       total 115712K, used 52334K [0x00000000a0000000, 0x00000000a7100000, 0x00000000e0000000)
  object space 115712K, 45% used [0x00000000a0000000,0x00000000a331bb90,0x00000000a7100000)
 Metaspace       used 56983K, capacity 58872K, committed 59008K, reserved 1099776K
  class space    used 7766K, capacity 8227K, committed 8320K, reserved 1048576K
}
Event: 71.372 GC heap before
{Heap before GC invocations=17 (full 3):
 PSYoungGen      total 172032K, used 151552K [0x00000000e0000000, 0x00000000ee400000, 0x0000000100000000)
  eden space 151552K, 100% used [0x00000000e0000000,0x00000000e9400000,0x00000000e9400000)
  from space 20480K, 0% used [0x00000000e9400000,0x00000000e9400000,0x00000000ea800000)
  to   space 20992K, 0% used [0x00000000ecf80000,0x00000000ecf80000,0x00000000ee400000)
 ParOldGen       total 115712K, used 52334K [0x00000000a0000000, 0x00000000a7100000, 0x00000000e0000000)
  object space 115712K, 45% used [0x00000000a0000000,0x00000000a331bb90,0x00000000a7100000)
 Metaspace       used 62073K, capacity 64140K, committed 64256K, reserved 1103872K
  class space    used 8365K, capacity 8875K, committed 8960K, reserved 1048576K
Event: 71.416 GC heap after
Heap after GC invocations=17 (full 3):
 PSYoungGen      total 205824K, used 20990K [0x00000000e0000000, 0x00000000ee480000, 0x0000000100000000)
  eden space 184832K, 0% used [0x00000000e0000000,0x00000000e0000000,0x00000000eb480000)
  from space 20992K, 99% used [0x00000000ecf80000,0x00000000ee3ffa90,0x00000000ee400000)
  to   space 24576K, 0% used [0x00000000eb480000,0x00000000eb480000,0x00000000ecc80000)
 ParOldGen       total 115712K, used 52947K [0x00000000a0000000, 0x00000000a7100000, 0x00000000e0000000)
  object space 115712K, 45% used [0x00000000a0000000,0x00000000a33b4d60,0x00000000a7100000)
 Metaspace       used 62073K, capacity 64140K, committed 64256K, reserved 1103872K
  class space    used 8365K, capacity 8875K, committed 8960K, reserved 1048576K
}
Event: 74.059 GC heap before
{Heap before GC invocations=18 (full 3):
 PSYoungGen      total 205824K, used 205822K [0x00000000e0000000, 0x00000000ee480000, 0x0000000100000000)
  eden space 184832K, 100% used [0x00000000e0000000,0x00000000eb480000,0x00000000eb480000)
  from space 20992K, 99% used [0x00000000ecf80000,0x00000000ee3ffa90,0x00000000ee400000)
  to   space 24576K, 0% used [0x00000000eb480000,0x00000000eb480000,0x00000000ecc80000)
 ParOldGen       total 115712K, used 52947K [0x00000000a0000000, 0x00000000a7100000, 0x00000000e0000000)
  object space 115712K, 45% used [0x00000000a0000000,0x00000000a33b4d60,0x00000000a7100000)
 Metaspace       used 64141K, capacity 66270K, committed 66432K, reserved 1105920K
  class space    used 8529K, capacity 9012K, committed 9088K, reserved 1048576K
Event: 74.191 GC heap after
Heap after GC invocations=18 (full 3):
 PSYoungGen      total 209408K, used 24545K [0x00000000e0000000, 0x00000000f4800000, 0x0000000100000000)
  eden space 184832K, 0% used [0x00000000e0000000,0x00000000e0000000,0x00000000eb480000)
  from space 24576K, 99% used [0x00000000eb480000,0x00000000ecc78600,0x00000000ecc80000)
  to   space 44032K, 0% used [0x00000000f1d00000,0x00000000f1d00000,0x00000000f4800000)
 ParOldGen       total 115712K, used 94795K [0x00000000a0000000, 0x00000000a7100000, 0x00000000e0000000)
  object space 115712K, 81% used [0x00000000a0000000,0x00000000a5c92fe0,0x00000000a7100000)
 Metaspace       used 64141K, capacity 66270K, committed 66432K, reserved 1105920K
  class space    used 8529K, capacity 9012K, committed 9088K, reserved 1048576K
}
Event: 74.191 GC heap before
{Heap before GC invocations=19 (full 4):
 PSYoungGen      total 209408K, used 24545K [0x00000000e0000000, 0x00000000f4800000, 0x0000000100000000)
  eden space 184832K, 0% used [0x00000000e0000000,0x00000000e0000000,0x00000000eb480000)
  from space 24576K, 99% used [0x00000000eb480000,0x00000000ecc78600,0x00000000ecc80000)
  to   space 44032K, 0% used [0x00000000f1d00000,0x00000000f1d00000,0x00000000f4800000)
 ParOldGen       total 115712K, used 94795K [0x00000000a0000000, 0x00000000a7100000, 0x00000000e0000000)
  object space 115712K, 81% used [0x00000000a0000000,0x00000000a5c92fe0,0x00000000a7100000)
 Metaspace       used 64141K, capacity 66270K, committed 66432K, reserved 1105920K
  class space    used 8529K, capacity 9012K, committed 9088K, reserved 1048576K
Event: 74.871 GC heap after
Heap after GC invocations=19 (full 4):
 PSYoungGen      total 209408K, used 0K [0x00000000e0000000, 0x00000000f4800000, 0x0000000100000000)
  eden space 184832K, 0% used [0x00000000e0000000,0x00000000e0000000,0x00000000eb480000)
  from space 24576K, 0% used [0x00000000eb480000,0x00000000eb480000,0x00000000ecc80000)
  to   space 44032K, 0% used [0x00000000f1d00000,0x00000000f1d00000,0x00000000f4800000)
 ParOldGen       total 115712K, used 99516K [0x00000000a0000000, 0x00000000a7100000, 0x00000000e0000000)
  object space 115712K, 86% used [0x00000000a0000000,0x00000000a612f0c8,0x00000000a7100000)
 Metaspace       used 64141K, capacity 66270K, committed 66432K, reserved 1105920K
  class space    used 8529K, capacity 9012K, committed 9088K, reserved 1048576K
}
Event: 86.336 GC heap before
{Heap before GC invocations=20 (full 5):
 PSYoungGen      total 209408K, used 184832K [0x00000000e0000000, 0x00000000f4800000, 0x0000000100000000)
  eden space 184832K, 100% used [0x00000000e0000000,0x00000000eb480000,0x00000000eb480000)
  from space 24576K, 0% used [0x00000000eb480000,0x00000000eb480000,0x00000000ecc80000)
  to   space 44032K, 0% used [0x00000000f1d00000,0x00000000f1d00000,0x00000000f4800000)
 ParOldGen       total 115712K, used 99516K [0x00000000a0000000, 0x00000000a7100000, 0x00000000e0000000)
  object space 115712K, 86% used [0x00000000a0000000,0x00000000a612f0c8,0x00000000a7100000)
 Metaspace       used 67485K, capacity 69920K, committed 70272K, reserved 1110016K
  class space    used 8878K, capacity 9489K, committed 9600K, reserved 1048576K
Event: 86.588 GC heap after
Heap after GC invocations=20 (full 5):
 PSYoungGen      total 209408K, used 0K [0x00000000e0000000, 0x00000000f4800000, 0x0000000100000000)
  eden space 184832K, 0% used [0x00000000e0000000,0x00000000e0000000,0x00000000eb480000)
  from space 24576K, 0% used [0x00000000eb480000,0x00000000eb480000,0x00000000ecc80000)
  to   space 44032K, 0% used [0x00000000f1d00000,0x00000000f1d00000,0x00000000f4800000)
 ParOldGen       total 115712K, used 53968K [0x00000000a0000000, 0x00000000a7100000, 0x00000000e0000000)
  object space 115712K, 46% used [0x00000000a0000000,0x00000000a34b4160,0x00000000a7100000)
 Metaspace       used 66508K, capacity 68910K, committed 70272K, reserved 1110016K
  class space    used 8780K, capacity 9384K, committed 9600K, reserved 1048576K
}

Deoptimization events (10 events):
Event: 90.110 Thread 0x000000001f404000 Uncommon trap: reason=unstable_if action=reinterpret pc=0x0000000004b95448 method=org.objectweb.asm.Frame.a(Lorg/objectweb/asm/ClassWriter;Ljava/lang/String;)V @ 24
Event: 90.206 Thread 0x000000001bef3000 Uncommon trap: reason=class_check action=maybe_recompile pc=0x000000000469e23c method=com.google.gson.stream.JsonWriter.beforeValue()V @ 92
Event: 90.206 Thread 0x000000001bef3000 Uncommon trap: reason=class_check action=maybe_recompile pc=0x000000000469e23c method=com.google.gson.stream.JsonWriter.beforeValue()V @ 92
Event: 90.659 Thread 0x000000001bef3000 Uncommon trap: reason=unstable_if action=reinterpret pc=0x0000000003112764 method=com.google.common.cache.LocalCache$Segment.getEntry(Ljava/lang/Object;I)Lcom/google/common/cache/LocalCache$ReferenceEntry; @ 56
Event: 90.659 Thread 0x000000001bef3000 Uncommon trap: reason=unstable_if action=reinterpret pc=0x00000000046befc0 method=com.google.common.cache.LocalCache$Segment.lockedGetOrLoad(Ljava/lang/Object;ILcom/google/common/cache/CacheLoader;)Ljava/lang/Object; @ 94
Event: 93.307 Thread 0x000000001bef3000 Uncommon trap: reason=bimorphic action=maybe_recompile pc=0x00000000043abc60 method=java.nio.charset.CharsetEncoder.encode(Ljava/nio/CharBuffer;Ljava/nio/ByteBuffer;Z)Ljava/nio/charset/CoderResult; @ 57
Event: 93.307 Thread 0x000000001bef3000 Uncommon trap: reason=bimorphic action=maybe_recompile pc=0x00000000043abc60 method=java.nio.charset.CharsetEncoder.encode(Ljava/nio/CharBuffer;Ljava/nio/ByteBuffer;Z)Ljava/nio/charset/CoderResult; @ 57
Event: 94.041 Thread 0x000000001f407800 Uncommon trap: reason=unstable_if action=reinterpret pc=0x000000000377b4a4 method=sun.nio.fs.WindowsPathParser.isSlash(C)Z @ 9
Event: 94.041 Thread 0x000000001f407800 Uncommon trap: reason=unstable_if action=reinterpret pc=0x0000000003edd7a0 method=sun.nio.fs.WindowsPathParser.isSlash(C)Z @ 9
Event: 94.041 Thread 0x000000001f407800 Uncommon trap: reason=unstable_if action=reinterpret pc=0x000000000334b838 method=sun.nio.fs.WindowsPathParser.isSlash(C)Z @ 9

Classes redefined (0 events):
No events

Internal exceptions (10 events):
Event: 74.873 Thread 0x000000001bef0800 Implicit null exception at 0x00000000047b9ba3 to 0x00000000047ba25d
Event: 81.763 Thread 0x000000001f407800 Exception <a 'java/io/FileNotFoundException'> (0x00000000e6d33708) thrown at [D:\src\AOSP-openjdk-cygwin\jdk8u\hotspot\src\share\vm\prims\jni.cpp, line 709]
Event: 82.663 Thread 0x000000001f407800 Exception <a 'java/lang/NoSuchMethodError': java.lang.Object.lambda$asRunnable$0(Lcom/android/apkzlib/utils/IOExceptionRunnable;)V> (0x00000000e7782568) thrown at [D:\src\AOSP-openjdk-cygwin\jdk8u\hotspot\src\share\vm\interpreter\linkResolver.cpp, line 58
Event: 82.703 Thread 0x000000001f407800 Exception <a 'java/lang/ClassNotFoundException': org/gradle/api/plugins/JavaPluginConventionBeanInfo> (0x00000000e785b0f8) thrown at [D:\src\AOSP-openjdk-cygwin\jdk8u\hotspot\src\share\vm\classfile\systemDictionary.cpp, line 210]
Event: 82.704 Thread 0x000000001f407800 Exception <a 'java/lang/ClassNotFoundException': org/gradle/api/plugins/JavaPluginConventionCustomizer> (0x00000000e78922c0) thrown at [D:\src\AOSP-openjdk-cygwin\jdk8u\hotspot\src\share\vm\classfile\systemDictionary.cpp, line 210]
Event: 83.803 Thread 0x000000001f407800 Exception <a 'java/lang/NoSuchMethodError': java.lang.Object.lambda$comparing$ea9a8b3a$1(Ljava/util/Comparator;Ljava/util/function/Function;Ljava/lang/Object;Ljava/lang/Object;)I> (0x00000000e7b79f90) thrown at [D:\src\AOSP-openjdk-cygwin\jdk8u\hotspot\sr
Event: 83.871 Thread 0x000000001f407800 Exception <a 'java/lang/NoSuchMethodError': java.lang.Object.lambda$or$2(Ljava/util/function/Predicate;Ljava/lang/Object;)Z> (0x00000000e7e61820) thrown at [D:\src\AOSP-openjdk-cygwin\jdk8u\hotspot\src\share\vm\interpreter\linkResolver.cpp, line 584]
Event: 87.243 Thread 0x000000001bef3000 Exception <a 'java/lang/NoSuchMethodError': <clinit>> (0x00000000e05ecdc0) thrown at [D:\src\AOSP-openjdk-cygwin\jdk8u\hotspot\src\share\vm\prims\jni.cpp, line 1613]
Event: 94.013 Thread 0x000000001f407800 Exception <a 'java/lang/NoSuchMethodError': java.lang.Object.lambda$and$0(Ljava/util/function/Predicate;Ljava/lang/Object;)Z> (0x00000000e4f0b890) thrown at [D:\src\AOSP-openjdk-cygwin\jdk8u\hotspot\src\share\vm\interpreter\linkResolver.cpp, line 584]
Event: 94.037 Thread 0x000000001f407800 Exception <a 'java/lang/NoSuchMethodError': java.lang.Object.lambda$static$0(Ljava/lang/String;)Z> (0x00000000e4f1e328) thrown at [D:\src\AOSP-openjdk-cygwin\jdk8u\hotspot\src\share\vm\interpreter\linkResolver.cpp, line 584]

Events (10 events):
Event: 94.060 loading class com/android/tools/r8/errors/CompilationError
Event: 94.060 loading class com/android/tools/r8/errors/CompilationError done
Event: 94.070 loading class com/android/tools/r8/BaseCompilerCommand$Builder
Event: 94.070 loading class com/android/tools/r8/BaseCompilerCommand$Builder done
Event: 94.071 loading class com/android/tools/r8/BaseCommand$Builder
Event: 94.071 loading class com/android/tools/r8/BaseCommand$Builder done
Event: 94.074 loading class com/android/tools/r8/D8Command$Builder
Event: 94.074 loading class com/android/tools/r8/D8Command$Builder done
Event: 94.076 loading class com/android/tools/r8/com/google/common/collect/ImmutableList
Event: 94.076 loading class com/android/tools/r8/com/google/common/collect/ImmutableList done


Dynamic libraries:
0x00007ff6390f0000 - 0x00007ff639121000 	C:\Program Files\Android\Android Studio\jre\bin\java.exe
0x00007ffd106b0000 - 0x00007ffd10891000 	C:\WINDOWS\SYSTEM32\ntdll.dll
0x00007ffd0fcd0000 - 0x00007ffd0fd82000 	C:\WINDOWS\System32\KERNEL32.DLL
0x00007ffd0cc70000 - 0x00007ffd0cee3000 	C:\WINDOWS\System32\KERNELBASE.dll
0x00007ffd0fc00000 - 0x00007ffd0fca1000 	C:\WINDOWS\System32\ADVAPI32.dll
0x00007ffd0f410000 - 0x00007ffd0f4ae000 	C:\WINDOWS\System32\msvcrt.dll
0x00007ffd0dd10000 - 0x00007ffd0dd6b000 	C:\WINDOWS\System32\sechost.dll
0x00007ffd0f840000 - 0x00007ffd0f964000 	C:\WINDOWS\System32\RPCRT4.dll
0x00007ffd0fdc0000 - 0x00007ffd0ff50000 	C:\WINDOWS\System32\USER32.dll
0x00007ffd0d190000 - 0x00007ffd0d1b0000 	C:\WINDOWS\System32\win32u.dll
0x00007ffd0fd90000 - 0x00007ffd0fdb8000 	C:\WINDOWS\System32\GDI32.dll
0x00007ffd0d1b0000 - 0x00007ffd0d342000 	C:\WINDOWS\System32\gdi32full.dll
0x00007ffd0ca80000 - 0x00007ffd0cb1f000 	C:\WINDOWS\System32\msvcp_win.dll
0x00007ffd0cb20000 - 0x00007ffd0cc1a000 	C:\WINDOWS\System32\ucrtbase.dll
0x00007ffd01d90000 - 0x00007ffd01ff9000 	C:\WINDOWS\WinSxS\amd64_microsoft.windows.common-controls_6595b64144ccf1df_6.0.17134.137_none_fb44974530639b67\COMCTL32.dll
0x00007ffd0f510000 - 0x00007ffd0f833000 	C:\WINDOWS\System32\combase.dll
0x00007ffd0dac0000 - 0x00007ffd0db3a000 	C:\WINDOWS\System32\bcryptPrimitives.dll
0x00007ffd0df20000 - 0x00007ffd0df4d000 	C:\WINDOWS\System32\IMM32.DLL
0x0000000058ed0000 - 0x0000000058fa2000 	C:\Program Files\Android\Android Studio\jre\jre\bin\msvcr100.dll
0x00000000594f0000 - 0x0000000059d2f000 	C:\Program Files\Android\Android Studio\jre\jre\bin\server\jvm.dll
0x00007ffd0fbf0000 - 0x00007ffd0fbf8000 	C:\WINDOWS\System32\PSAPI.DLL
0x00007ffd0a560000 - 0x00007ffd0a569000 	C:\WINDOWS\SYSTEM32\WSOCK32.dll
0x00007ffd0a2f0000 - 0x00007ffd0a313000 	C:\WINDOWS\SYSTEM32\WINMM.dll
0x00007ffd06640000 - 0x00007ffd0664a000 	C:\WINDOWS\SYSTEM32\VERSION.dll
0x00007ffd10040000 - 0x00007ffd100ac000 	C:\WINDOWS\System32\WS2_32.dll
0x00007ffd0a2a0000 - 0x00007ffd0a2ca000 	C:\WINDOWS\SYSTEM32\winmmbase.dll
0x00007ffd0cc20000 - 0x00007ffd0cc69000 	C:\WINDOWS\System32\cfgmgr32.dll
0x00007ffd0a390000 - 0x00007ffd0a39f000 	C:\Program Files\Android\Android Studio\jre\jre\bin\verify.dll
0x00007ffcfa7c0000 - 0x00007ffcfa7e9000 	C:\Program Files\Android\Android Studio\jre\jre\bin\java.dll
0x00007ffd027e0000 - 0x00007ffd027f6000 	C:\Program Files\Android\Android Studio\jre\jre\bin\zip.dll
0x00007ffd0dfd0000 - 0x00007ffd0f410000 	C:\WINDOWS\System32\SHELL32.dll
0x00007ffd0de70000 - 0x00007ffd0df19000 	C:\WINDOWS\System32\shcore.dll
0x00007ffd0d3b0000 - 0x00007ffd0dabd000 	C:\WINDOWS\System32\windows.storage.dll
0x00007ffd0f4b0000 - 0x00007ffd0f501000 	C:\WINDOWS\System32\shlwapi.dll
0x00007ffd0ca60000 - 0x00007ffd0ca71000 	C:\WINDOWS\System32\kernel.appcore.dll
0x00007ffd0ca40000 - 0x00007ffd0ca5f000 	C:\WINDOWS\System32\profapi.dll
0x00007ffd0c9f0000 - 0x00007ffd0ca3c000 	C:\WINDOWS\System32\powrprof.dll
0x00007ffd0c9e0000 - 0x00007ffd0c9ea000 	C:\WINDOWS\System32\FLTLIB.DLL
0x00007ffd02730000 - 0x00007ffd0274a000 	C:\Program Files\Android\Android Studio\jre\jre\bin\net.dll
0x00007ffd0c1e0000 - 0x00007ffd0c246000 	C:\WINDOWS\system32\mswsock.dll
0x00007ffd009f0000 - 0x00007ffd00a01000 	C:\Program Files\Android\Android Studio\jre\jre\bin\nio.dll
0x00007ffd0a360000 - 0x00007ffd0a37e000 	C:\Users\arindatiko\.gradle\native\25\windows-amd64\native-platform.dll
0x00007ffd0a380000 - 0x00007ffd0a38d000 	C:\Program Files\Android\Android Studio\jre\jre\bin\management.dll
0x00007ffd0c390000 - 0x00007ffd0c3a7000 	C:\WINDOWS\SYSTEM32\CRYPTSP.dll
0x00007ffd0bdc0000 - 0x00007ffd0bdf3000 	C:\WINDOWS\system32\rsaenh.dll
0x00007ffd0c4c0000 - 0x00007ffd0c4e5000 	C:\WINDOWS\SYSTEM32\bcrypt.dll
0x00007ffd0c8c0000 - 0x00007ffd0c8e8000 	C:\WINDOWS\SYSTEM32\USERENV.dll
0x00007ffd0c3b0000 - 0x00007ffd0c3bb000 	C:\WINDOWS\SYSTEM32\CRYPTBASE.dll
0x00007ffd0bf60000 - 0x00007ffd0bf98000 	C:\WINDOWS\SYSTEM32\IPHLPAPI.DLL
0x00007ffd0dd00000 - 0x00007ffd0dd08000 	C:\WINDOWS\System32\NSI.dll
0x00007ffd05280000 - 0x00007ffd05296000 	C:\WINDOWS\SYSTEM32\dhcpcsvc6.DLL
0x00007ffd05310000 - 0x00007ffd0532a000 	C:\WINDOWS\SYSTEM32\dhcpcsvc.DLL

VM Arguments:
jvm_args: -Xmx1536m -Dfile.encoding=windows-1252 -Duser.country=GB -Duser.language=en -Duser.variant 
java_command: org.gradle.launcher.daemon.bootstrap.GradleDaemon 4.4
java_class_path (initial): C:\Users\arindatiko\.gradle\wrapper\dists\gradle-4.4-all\9br9xq1tocpiv8o6njlyu5op1\gradle-4.4\lib\gradle-launcher-4.4.jar
Launcher Type: SUN_STANDARD

Environment Variables:
PATH=C:\WINDOWS\system32;C:\WINDOWS;C:\WINDOWS\System32\Wbem;C:\WINDOWS\System32\WindowsPowerShell\v1.0\;C:\Program Files\Microsoft SQL Server\130\Tools\Binn\;C:\Program Files (x86)\Git\cmd;C:\xampp\php;;C:\WINDOWS\System32\OpenSSH\;C:\Users\arindatiko\AppData\Local\Microsoft\WindowsApps;
USERNAME=arindatiko
OS=Windows_NT
PROCESSOR_IDENTIFIER=Intel64 Family 6 Model 58 Stepping 9, GenuineIntel



---------------  S Y S T E M  ---------------

OS: Windows 10.0 , 64 bit Build 17134 (10.0.17134.1)

CPU:total 4 (initial active 4) (2 cores per cpu, 2 threads per core) family 6 model 58 stepping 9, cmov, cx8, fxsr, mmx, sse, sse2, sse3, ssse3, sse4.1, sse4.2, popcnt, avx, clmul, erms, ht, tsc, tscinvbit, tscinv

Memory: 4k page, physical 4077352k(838040k free), swap 16660264k(5576k free)

vm_info: OpenJDK 64-Bit Server VM (25.152-b02) for windows-amd64 JRE (1.8.0_152-release-1024-b02), built by "builder" with MS VC++ 10.0 (VS2010)

time: Thu Jul 12 12:34:26 2018
elapsed time: 94 seconds (0d 0h 1m 34s)

