#
# There is insufficient memory for the Java Runtime Environment to continue.
# Native memory allocation (malloc) failed to allocate 1135584 bytes for Chunk::new
# Possible reasons:
#   The system is out of physical RAM or swap space
#   In 32 bit mode, the process size limit was hit
# Possible solutions:
#   Reduce memory load on the system
#   Increase physical memory or swap space
#   Check if swap backing store is full
#   Use 64 bit Java on a 64 bit OS
#   Decrease Java heap size (-Xmx/-Xms)
#   Decrease number of Java threads
#   Decrease Java thread stack sizes (-Xss)
#   Set larger code cache with -XX:ReservedCodeCacheSize=
# This output file may be truncated or incomplete.
#
#  Out of Memory Error (allocation.cpp:390), pid=19212, tid=0x0000000000002c4c
#
# JRE version: OpenJDK Runtime Environment (8.0_152-b02) (build 1.8.0_152-release-1024-b02)
# Java VM: OpenJDK 64-Bit Server VM (25.152-b02 mixed mode windows-amd64 compressed oops)
# Failed to write core dump. Minidumps are not enabled by default on client versions of Windows
#

---------------  T H R E A D  ---------------

Current thread (0x000000001606b800):  JavaThread "C2 CompilerThread1" daemon [_thread_in_native, id=11340, stack(0x00000000177c0000,0x00000000178c0000)]

Stack: [0x00000000177c0000,0x00000000178c0000]
[error occurred during error reporting (printing stack bounds), id 0xc0000005]

Native frames: (J=compiled Java code, j=interpreted, Vv=VM code, C=native code)


Current CompileTask:
C2: 269393 10904       4       java.io.ObjectOutputStream::writeNonProxyDesc (109 bytes)


---------------  P R O C E S S  ---------------

Java Threads: ( => current thread )
  0x00000000182c2000 JavaThread "Cache worker for file content cache (E:\KULIAH\TUGAS AKHIR\TravelMeCustomer\.gradle\4.4\fileContent)" [_thread_blocked, id=14152, stack(0x000000002afd0000,0x000000002b0d0000)]
  0x00000000182c6000 JavaThread "build operations Thread 4" [_thread_blocked, id=7652, stack(0x000000002aed0000,0x000000002afd0000)]
  0x00000000182c4800 JavaThread "build operations Thread 3" [_thread_blocked, id=15768, stack(0x000000002add0000,0x000000002aed0000)]
  0x00000000182c3800 JavaThread "build operations Thread 2" [_thread_blocked, id=16952, stack(0x000000002acd0000,0x000000002add0000)]
  0x00000000182c1800 JavaThread "build operations" [_thread_blocked, id=17572, stack(0x000000002abd0000,0x000000002acd0000)]
  0x00000000182ba000 JavaThread "Cache worker for Artifact transforms cache (C:\Users\arindatiko\.gradle\caches\transforms-1)" [_thread_blocked, id=4828, stack(0x000000002aad0000,0x000000002abd0000)]
  0x00000000182c0800 JavaThread "Cache worker for file hash cache (E:\KULIAH\TUGAS AKHIR\TravelMeCustomer\.gradle\4.4\fileHashes)" [_thread_blocked, id=2388, stack(0x000000002a9d0000,0x000000002aad0000)]
  0x00000000182bf000 JavaThread "Stdin handler" [_thread_blocked, id=6928, stack(0x000000002a8d0000,0x000000002a9d0000)]
  0x00000000182bd000 JavaThread "Asynchronous log dispatcher for DefaultDaemonConnection: socket connection from /127.0.0.1:60715 to /127.0.0.1:61383" [_thread_blocked, id=10956, stack(0x000000002a7d0000,0x000000002a8d0000)]
  0x00000000182ba800 JavaThread "Daemon worker Thread 2" [_thread_in_Java, id=9988, stack(0x000000002a6d0000,0x000000002a7d0000)]
  0x00000000182be800 JavaThread "Cancel handler" [_thread_blocked, id=2672, stack(0x000000002a5d0000,0x000000002a6d0000)]
  0x00000000182c0000 JavaThread "Handler for socket connection from /127.0.0.1:60715 to /127.0.0.1:61383" [_thread_in_native, id=13824, stack(0x000000002a4d0000,0x000000002a5d0000)]
  0x00000000182bd800 JavaThread "Daemon Thread 2" [_thread_blocked, id=15148, stack(0x000000002a3d0000,0x000000002a4d0000)]
  0x000000001ba8b000 JavaThread "Memory manager" [_thread_blocked, id=21360, stack(0x00000000216a0000,0x00000000217a0000)]
  0x00000000193d6000 JavaThread "File lock request listener" [_thread_in_native, id=21252, stack(0x000000001ab10000,0x000000001ac10000)]
  0x000000001913a000 JavaThread "Cache worker for file hash cache (C:\Users\arindatiko\.gradle\caches\4.4\fileHashes)" [_thread_blocked, id=1112, stack(0x000000001aa10000,0x000000001ab10000)]
  0x0000000018f9b000 JavaThread "Daemon periodic checks" [_thread_blocked, id=17736, stack(0x0000000019f10000,0x000000001a010000)]
  0x0000000018f7a800 JavaThread "Incoming local TCP Connector on port 60715" [_thread_in_native, id=17568, stack(0x0000000019cd0000,0x0000000019dd0000)]
  0x00000000179e8800 JavaThread "Service Thread" daemon [_thread_blocked, id=18956, stack(0x0000000017dc0000,0x0000000017ec0000)]
  0x0000000016073000 JavaThread "C1 CompilerThread2" daemon [_thread_in_native, id=18132, stack(0x00000000178c0000,0x00000000179c0000)]
=>0x000000001606b800 JavaThread "C2 CompilerThread1" daemon [_thread_in_native, id=11340, stack(0x00000000177c0000,0x00000000178c0000)]
  0x0000000016077800 JavaThread "C2 CompilerThread0" daemon [_thread_in_native, id=11200, stack(0x00000000176c0000,0x00000000177c0000)]
  0x0000000016076800 JavaThread "Attach Listener" daemon [_thread_blocked, id=13492, stack(0x00000000175c0000,0x00000000176c0000)]
  0x0000000016075800 JavaThread "Signal Dispatcher" daemon [_thread_blocked, id=6304, stack(0x00000000174c0000,0x00000000175c0000)]
  0x0000000016058800 JavaThread "Finalizer" daemon [_thread_blocked, id=8708, stack(0x00000000172d0000,0x00000000173d0000)]
  0x0000000002653000 JavaThread "Reference Handler" daemon [_thread_blocked, id=11360, stack(0x00000000171d0000,0x00000000172d0000)]
  0x00000000026fe000 JavaThread "main" [_thread_blocked, id=7004, stack(0x0000000000c30000,0x0000000000d30000)]

Other Threads:
  0x0000000016035800 VMThread [stack: 0x00000000170d0000,0x00000000171d0000] [id=16696]
  0x00000000179e9000 WatcherThread [stack: 0x0000000017ec0000,0x0000000017fc0000] [id=15008]

VM state:not at safepoint (normal execution)

VM Mutex/Monitor currently owned by a thread: None

Heap:
 PSYoungGen      total 250368K, used 204717K [0x00000000e0000000, 0x00000000f1a80000, 0x0000000100000000)
  eden space 217600K, 82% used [0x00000000e0000000,0x00000000eb04e830,0x00000000ed480000)
  from space 32768K, 73% used [0x00000000efa80000,0x00000000f121cd38,0x00000000f1a80000)
  to   space 35840K, 0% used [0x00000000ed480000,0x00000000ed480000,0x00000000ef780000)
 ParOldGen       total 109568K, used 73535K [0x00000000a0000000, 0x00000000a6b00000, 0x00000000e0000000)
  object space 109568K, 67% used [0x00000000a0000000,0x00000000a47cfdc0,0x00000000a6b00000)
 Metaspace       used 67438K, capacity 70462K, committed 70656K, reserved 1110016K
  class space    used 9027K, capacity 9682K, committed 9728K, reserved 1048576K

Card table byte_map: [0x0000000011ac0000,0x0000000011dd0000] byte_map_base: 0x00000000115c0000

Marking Bits: (ParMarkBitMap*) 0x0000000059cb4970
 Begin Bits: [0x00000000123d0000, 0x0000000013bd0000)
 End Bits:   [0x0000000013bd0000, 0x00000000153d0000)

Polling page: 0x0000000000730000

CodeCache: size=245760Kb used=28848Kb max_used=28979Kb free=216911Kb
 bounds [0x0000000002700000, 0x0000000004380000, 0x0000000011700000]
 total_blobs=10047 nmethods=9236 adapters=723
 compilation: enabled

Compilation events (10 events):
Event: 269.202 Thread 0x0000000016073000 nmethod 11216 0x0000000004351e50 code [0x0000000004352140, 0x0000000004353618]
Event: 269.204 Thread 0x0000000016073000 11217       3       org.gradle.api.internal.file.collections.BuildDependenciesOnlyFileCollectionResolveContext::push (2 bytes)
Event: 269.204 Thread 0x0000000016073000 nmethod 11217 0x0000000004350e10 code [0x0000000004350f60, 0x00000000043510b0]
Event: 269.205 Thread 0x0000000016073000 11218       1       org.gradle.model.internal.registry.DefaultModelRegistry$ModelGoal::attachNode (1 bytes)
Event: 269.205 Thread 0x0000000016073000 nmethod 11218 0x0000000004350b50 code [0x0000000004350ca0, 0x0000000004350db0]
Event: 269.212 Thread 0x0000000016073000 11219       3       org.gradle.api.internal.project.DefaultProject::compareTo (9 bytes)
Event: 269.214 Thread 0x0000000016073000 nmethod 11219 0x000000000434f290 code [0x000000000434f4c0, 0x00000000043503b8]
Event: 269.214 Thread 0x0000000016073000 11220       3       org.gradle.api.internal.project.DefaultProject::compareTo (26 bytes)
Event: 269.215 Thread 0x0000000016073000 nmethod 11220 0x0000000004354810 code [0x0000000004354a20, 0x0000000004355718]
Event: 269.216 Thread 0x0000000016073000 11222       3       org.gradle.api.internal.tasks.DefaultTaskDependency::visitDependencies (683 bytes)

GC Heap History (10 events):
Event: 28.326 GC heap before
{Heap before GC invocations=15 (full 2):
 PSYoungGen      total 175104K, used 117482K [0x00000000e0000000, 0x00000000ebf00000, 0x0000000100000000)
  eden space 156672K, 66% used [0x00000000e0000000,0x00000000e65e0580,0x00000000e9900000)
  from space 18432K, 71% used [0x00000000eac00000,0x00000000eb8da460,0x00000000ebe00000)
  to   space 19456K, 0% used [0x00000000e9900000,0x00000000e9900000,0x00000000eac00000)
 ParOldGen       total 63488K, used 41191K [0x00000000a0000000, 0x00000000a3e00000, 0x00000000e0000000)
  object space 63488K, 64% used [0x00000000a0000000,0x00000000a2839f20,0x00000000a3e00000)
 Metaspace       used 57012K, capacity 58908K, committed 59008K, reserved 1099776K
  class space    used 7789K, capacity 8263K, committed 8320K, reserved 1048576K
Event: 28.366 GC heap after
Heap after GC invocations=15 (full 2):
 PSYoungGen      total 176128K, used 17199K [0x00000000e0000000, 0x00000000ee100000, 0x0000000100000000)
  eden space 156672K, 0% used [0x00000000e0000000,0x00000000e0000000,0x00000000e9900000)
  from space 19456K, 88% used [0x00000000e9900000,0x00000000ea9cbc40,0x00000000eac00000)
  to   space 21504K, 0% used [0x00000000ecc00000,0x00000000ecc00000,0x00000000ee100000)
 ParOldGen       total 63488K, used 41199K [0x00000000a0000000, 0x00000000a3e00000, 0x00000000e0000000)
  object space 63488K, 64% used [0x00000000a0000000,0x00000000a283bf20,0x00000000a3e00000)
 Metaspace       used 57012K, capacity 58908K, committed 59008K, reserved 1099776K
  class space    used 7789K, capacity 8263K, committed 8320K, reserved 1048576K
}
Event: 28.366 GC heap before
{Heap before GC invocations=16 (full 3):
 PSYoungGen      total 176128K, used 17199K [0x00000000e0000000, 0x00000000ee100000, 0x0000000100000000)
  eden space 156672K, 0% used [0x00000000e0000000,0x00000000e0000000,0x00000000e9900000)
  from space 19456K, 88% used [0x00000000e9900000,0x00000000ea9cbc40,0x00000000eac00000)
  to   space 21504K, 0% used [0x00000000ecc00000,0x00000000ecc00000,0x00000000ee100000)
 ParOldGen       total 63488K, used 41199K [0x00000000a0000000, 0x00000000a3e00000, 0x00000000e0000000)
  object space 63488K, 64% used [0x00000000a0000000,0x00000000a283bf20,0x00000000a3e00000)
 Metaspace       used 57012K, capacity 58908K, committed 59008K, reserved 1099776K
  class space    used 7789K, capacity 8263K, committed 8320K, reserved 1048576K
Event: 28.760 GC heap after
Heap after GC invocations=16 (full 3):
 PSYoungGen      total 176128K, used 0K [0x00000000e0000000, 0x00000000ee100000, 0x0000000100000000)
  eden space 156672K, 0% used [0x00000000e0000000,0x00000000e0000000,0x00000000e9900000)
  from space 19456K, 0% used [0x00000000e9900000,0x00000000e9900000,0x00000000eac00000)
  to   space 21504K, 0% used [0x00000000ecc00000,0x00000000ecc00000,0x00000000ee100000)
 ParOldGen       total 109568K, used 43645K [0x00000000a0000000, 0x00000000a6b00000, 0x00000000e0000000)
  object space 109568K, 39% used [0x00000000a0000000,0x00000000a2a9f6f8,0x00000000a6b00000)
 Metaspace       used 56994K, capacity 58858K, committed 59008K, reserved 1099776K
  class space    used 7783K, capacity 8252K, committed 8320K, reserved 1048576K
}
Event: 31.488 GC heap before
{Heap before GC invocations=17 (full 3):
 PSYoungGen      total 176128K, used 156672K [0x00000000e0000000, 0x00000000ee100000, 0x0000000100000000)
  eden space 156672K, 100% used [0x00000000e0000000,0x00000000e9900000,0x00000000e9900000)
  from space 19456K, 0% used [0x00000000e9900000,0x00000000e9900000,0x00000000eac00000)
  to   space 21504K, 0% used [0x00000000ecc00000,0x00000000ecc00000,0x00000000ee100000)
 ParOldGen       total 109568K, used 43645K [0x00000000a0000000, 0x00000000a6b00000, 0x00000000e0000000)
  object space 109568K, 39% used [0x00000000a0000000,0x00000000a2a9f6f8,0x00000000a6b00000)
 Metaspace       used 61424K, capacity 63940K, committed 64000K, reserved 1103872K
  class space    used 8372K, capacity 8923K, committed 8960K, reserved 1048576K
Event: 31.722 GC heap after
Heap after GC invocations=17 (full 3):
 PSYoungGen      total 194560K, used 21480K [0x00000000e0000000, 0x00000000f0e80000, 0x0000000100000000)
  eden space 173056K, 0% used [0x00000000e0000000,0x00000000e0000000,0x00000000ea900000)
  from space 21504K, 99% used [0x00000000ecc00000,0x00000000ee0fa328,0x00000000ee100000)
  to   space 35840K, 0% used [0x00000000ea900000,0x00000000ea900000,0x00000000ecc00000)
 ParOldGen       total 109568K, used 73519K [0x00000000a0000000, 0x00000000a6b00000, 0x00000000e0000000)
  object space 109568K, 67% used [0x00000000a0000000,0x00000000a47cbdc0,0x00000000a6b00000)
 Metaspace       used 61424K, capacity 63940K, committed 64000K, reserved 1103872K
  class space    used 8372K, capacity 8923K, committed 8960K, reserved 1048576K
}
Event: 37.607 GC heap before
{Heap before GC invocations=18 (full 3):
 PSYoungGen      total 194560K, used 194536K [0x00000000e0000000, 0x00000000f0e80000, 0x0000000100000000)
  eden space 173056K, 100% used [0x00000000e0000000,0x00000000ea900000,0x00000000ea900000)
  from space 21504K, 99% used [0x00000000ecc00000,0x00000000ee0fa328,0x00000000ee100000)
  to   space 35840K, 0% used [0x00000000ea900000,0x00000000ea900000,0x00000000ecc00000)
 ParOldGen       total 109568K, used 73519K [0x00000000a0000000, 0x00000000a6b00000, 0x00000000e0000000)
  object space 109568K, 67% used [0x00000000a0000000,0x00000000a47cbdc0,0x00000000a6b00000)
 Metaspace       used 61864K, capacity 64354K, committed 64640K, reserved 1105920K
  class space    used 8424K, capacity 8972K, committed 9088K, reserved 1048576K
Event: 37.661 GC heap after
Heap after GC invocations=18 (full 3):
 PSYoungGen      total 208896K, used 14548K [0x00000000e0000000, 0x00000000f1c00000, 0x0000000100000000)
  eden space 173056K, 0% used [0x00000000e0000000,0x00000000e0000000,0x00000000ea900000)
  from space 35840K, 40% used [0x00000000ea900000,0x00000000eb7350e0,0x00000000ecc00000)
  to   space 34304K, 0% used [0x00000000efa80000,0x00000000efa80000,0x00000000f1c00000)
 ParOldGen       total 109568K, used 73527K [0x00000000a0000000, 0x00000000a6b00000, 0x00000000e0000000)
  object space 109568K, 67% used [0x00000000a0000000,0x00000000a47cddc0,0x00000000a6b00000)
 Metaspace       used 61864K, capacity 64354K, committed 64640K, reserved 1105920K
  class space    used 8424K, capacity 8972K, committed 9088K, reserved 1048576K
}
Event: 44.750 GC heap before
{Heap before GC invocations=19 (full 3):
 PSYoungGen      total 208896K, used 187600K [0x00000000e0000000, 0x00000000f1c00000, 0x0000000100000000)
  eden space 173056K, 99% used [0x00000000e0000000,0x00000000ea8ff1c8,0x00000000ea900000)
  from space 35840K, 40% used [0x00000000ea900000,0x00000000eb7350e0,0x00000000ecc00000)
  to   space 34304K, 0% used [0x00000000efa80000,0x00000000efa80000,0x00000000f1c00000)
 ParOldGen       total 109568K, used 73527K [0x00000000a0000000, 0x00000000a6b00000, 0x00000000e0000000)
  object space 109568K, 67% used [0x00000000a0000000,0x00000000a47cddc0,0x00000000a6b00000)
 Metaspace       used 63762K, capacity 66484K, committed 66688K, reserved 1105920K
  class space    used 8663K, capacity 9243K, committed 9344K, reserved 1048576K
Event: 44.809 GC heap after
Heap after GC invocations=19 (full 3):
 PSYoungGen      total 250368K, used 24179K [0x00000000e0000000, 0x00000000f1a80000, 0x0000000100000000)
  eden space 217600K, 0% used [0x00000000e0000000,0x00000000e0000000,0x00000000ed480000)
  from space 32768K, 73% used [0x00000000efa80000,0x00000000f121cd38,0x00000000f1a80000)
  to   space 35840K, 0% used [0x00000000ed480000,0x00000000ed480000,0x00000000ef780000)
 ParOldGen       total 109568K, used 73535K [0x00000000a0000000, 0x00000000a6b00000, 0x00000000e0000000)
  object space 109568K, 67% used [0x00000000a0000000,0x00000000a47cfdc0,0x00000000a6b00000)
 Metaspace       used 63762K, capacity 66484K, committed 66688K, reserved 1105920K
  class space    used 8663K, capacity 9243K, committed 9344K, reserved 1048576K
}

Deoptimization events (10 events):
Event: 268.567 Thread 0x00000000182ba800 Uncommon trap: reason=class_check action=maybe_recompile pc=0x00000000041568cc method=com.google.common.collect.ImmutableList$1.get(I)Ljava/lang/Object; @ 5
Event: 268.567 Thread 0x00000000182ba800 Uncommon trap: reason=class_check action=maybe_recompile pc=0x00000000041568cc method=com.google.common.collect.ImmutableList$1.get(I)Ljava/lang/Object; @ 5
Event: 268.567 Thread 0x00000000182ba800 Uncommon trap: reason=class_check action=maybe_recompile pc=0x00000000041568cc method=com.google.common.collect.ImmutableList$1.get(I)Ljava/lang/Object; @ 5
Event: 268.567 Thread 0x00000000182ba800 Uncommon trap: reason=class_check action=maybe_recompile pc=0x00000000041568cc method=com.google.common.collect.ImmutableList$1.get(I)Ljava/lang/Object; @ 5
Event: 268.746 Thread 0x00000000182ba800 Uncommon trap: reason=class_check action=maybe_recompile pc=0x0000000004042360 method=java.util.stream.ReferencePipeline.forEachWithCancel(Ljava/util/Spliterator;Ljava/util/stream/Sink;)V @ 1
Event: 268.808 Thread 0x00000000182ba800 Uncommon trap: reason=class_check action=maybe_recompile pc=0x0000000004042360 method=java.util.stream.ReferencePipeline.forEachWithCancel(Ljava/util/Spliterator;Ljava/util/stream/Sink;)V @ 1
Event: 268.896 Thread 0x00000000182ba800 Uncommon trap: reason=class_check action=maybe_recompile pc=0x00000000035f415c method=java.util.regex.Matcher.search(I)Z @ 86
Event: 268.896 Thread 0x00000000182ba800 Uncommon trap: reason=class_check action=maybe_recompile pc=0x00000000035846c0 method=java.util.regex.Matcher.search(I)Z @ 86
Event: 268.906 Thread 0x00000000182ba800 Uncommon trap: reason=class_check action=maybe_recompile pc=0x0000000004042360 method=java.util.stream.ReferencePipeline.forEachWithCancel(Ljava/util/Spliterator;Ljava/util/stream/Sink;)V @ 1
Event: 269.009 Thread 0x00000000182ba800 Uncommon trap: reason=unstable_if action=reinterpret pc=0x0000000002d2f6a0 method=java.util.stream.AbstractPipeline.sourceSpliterator(I)Ljava/util/Spliterator; @ 9

Classes redefined (0 events):
No events

Internal exceptions (10 events):
Event: 47.506 Thread 0x0000000018fb4000 Exception <a 'java/lang/NoSuchMethodError': <clinit>> (0x00000000e95af3b8) thrown at [D:\src\AOSP-openjdk-cygwin\jdk8u\hotspot\src\share\vm\prims\jni.cpp, line 1613]
Event: 47.507 Thread 0x0000000018fb4000 Exception <a 'java/lang/NoSuchMethodError': <clinit>> (0x00000000e95b9d20) thrown at [D:\src\AOSP-openjdk-cygwin\jdk8u\hotspot\src\share\vm\prims\jni.cpp, line 1613]
Event: 47.509 Thread 0x0000000018fb4000 Exception <a 'java/lang/NoSuchMethodError': <clinit>> (0x00000000e95c3038) thrown at [D:\src\AOSP-openjdk-cygwin\jdk8u\hotspot\src\share\vm\prims\jni.cpp, line 1613]
Event: 47.515 Thread 0x0000000018fb4000 Exception <a 'java/lang/NoSuchMethodError': <clinit>> (0x00000000e95ddfd8) thrown at [D:\src\AOSP-openjdk-cygwin\jdk8u\hotspot\src\share\vm\prims\jni.cpp, line 1613]
Event: 47.516 Thread 0x0000000018fb4000 Exception <a 'java/lang/NoSuchMethodError': <clinit>> (0x00000000e95ee388) thrown at [D:\src\AOSP-openjdk-cygwin\jdk8u\hotspot\src\share\vm\prims\jni.cpp, line 1613]
Event: 47.519 Thread 0x0000000018fb4000 Exception <a 'java/lang/NoSuchMethodError': <clinit>> (0x00000000e95f2eb8) thrown at [D:\src\AOSP-openjdk-cygwin\jdk8u\hotspot\src\share\vm\prims\jni.cpp, line 1613]
Event: 47.542 Thread 0x0000000018fb6800 Exception <a 'java/lang/NoSuchMethodError': <clinit>> (0x00000000e96ee208) thrown at [D:\src\AOSP-openjdk-cygwin\jdk8u\hotspot\src\share\vm\prims\jni.cpp, line 1613]
Event: 267.780 Thread 0x00000000182ba800 Implicit null exception at 0x000000000301071e to 0x00000000030108b5
Event: 268.569 Thread 0x00000000182ba800 Exception <a 'sun/nio/fs/WindowsException'> (0x00000000ea532238) thrown at [D:\src\AOSP-openjdk-cygwin\jdk8u\hotspot\src\share\vm\prims\jni.cpp, line 709]
Event: 269.009 Thread 0x00000000182ba800 Implicit null exception at 0x0000000002d2f023 to 0x0000000002d2f67d

Events (10 events):
Event: 268.896 Thread 0x00000000182ba800 Uncommon trap: trap_request=0xffffffde fr.pc=0x00000000035846c0
Event: 268.896 Thread 0x00000000182ba800 DEOPT PACKING pc=0x00000000035846c0 sp=0x000000002a7cbcd0
Event: 268.896 Thread 0x00000000182ba800 DEOPT UNPACKING pc=0x000000000274557b sp=0x000000002a7cbc28 mode 2
Event: 268.906 Thread 0x00000000182ba800 Uncommon trap: trap_request=0xffffffde fr.pc=0x0000000004042360
Event: 268.906 Thread 0x00000000182ba800 DEOPT PACKING pc=0x0000000004042360 sp=0x000000002a7cbae0
Event: 268.906 Thread 0x00000000182ba800 DEOPT UNPACKING pc=0x000000000274557b sp=0x000000002a7cba98 mode 2
Event: 269.009 Thread 0x00000000182ba800 Uncommon trap: trap_request=0xffffff65 fr.pc=0x0000000002d2f6a0
Event: 269.009 Thread 0x00000000182ba800 DEOPT PACKING pc=0x0000000002d2f6a0 sp=0x000000002a7c7500
Event: 269.009 Thread 0x00000000182ba800 DEOPT UNPACKING pc=0x000000000274557b sp=0x000000002a7c7428 mode 2
Event: 269.184 Thread 0x00000000182c2000 Thread added: 0x00000000182c2000


Dynamic libraries:
0x00007ff6390f0000 - 0x00007ff639121000 	C:\Program Files\Android\Android Studio\jre\bin\java.exe
0x00007ffd106b0000 - 0x00007ffd10891000 	C:\WINDOWS\SYSTEM32\ntdll.dll
0x00007ffd0fcd0000 - 0x00007ffd0fd82000 	C:\WINDOWS\System32\KERNEL32.DLL
0x00007ffd0cc70000 - 0x00007ffd0cee3000 	C:\WINDOWS\System32\KERNELBASE.dll
0x00007ffd0fc00000 - 0x00007ffd0fca1000 	C:\WINDOWS\System32\ADVAPI32.dll
0x00007ffd0f410000 - 0x00007ffd0f4ae000 	C:\WINDOWS\System32\msvcrt.dll
0x00007ffd0dd10000 - 0x00007ffd0dd6b000 	C:\WINDOWS\System32\sechost.dll
0x00007ffd0f840000 - 0x00007ffd0f964000 	C:\WINDOWS\System32\RPCRT4.dll
0x00007ffd0fdc0000 - 0x00007ffd0ff50000 	C:\WINDOWS\System32\USER32.dll
0x00007ffd0d190000 - 0x00007ffd0d1b0000 	C:\WINDOWS\System32\win32u.dll
0x00007ffd0fd90000 - 0x00007ffd0fdb8000 	C:\WINDOWS\System32\GDI32.dll
0x00007ffd0d1b0000 - 0x00007ffd0d342000 	C:\WINDOWS\System32\gdi32full.dll
0x00007ffd0ca80000 - 0x00007ffd0cb1f000 	C:\WINDOWS\System32\msvcp_win.dll
0x00007ffd0cb20000 - 0x00007ffd0cc1a000 	C:\WINDOWS\System32\ucrtbase.dll
0x00007ffd01d90000 - 0x00007ffd01ff9000 	C:\WINDOWS\WinSxS\amd64_microsoft.windows.common-controls_6595b64144ccf1df_6.0.17134.137_none_fb44974530639b67\COMCTL32.dll
0x00007ffd0f510000 - 0x00007ffd0f833000 	C:\WINDOWS\System32\combase.dll
0x00007ffd0dac0000 - 0x00007ffd0db3a000 	C:\WINDOWS\System32\bcryptPrimitives.dll
0x00007ffd0df20000 - 0x00007ffd0df4d000 	C:\WINDOWS\System32\IMM32.DLL
0x0000000058fb0000 - 0x0000000059082000 	C:\Program Files\Android\Android Studio\jre\jre\bin\msvcr100.dll
0x00000000594f0000 - 0x0000000059d2f000 	C:\Program Files\Android\Android Studio\jre\jre\bin\server\jvm.dll
0x00007ffd0fbf0000 - 0x00007ffd0fbf8000 	C:\WINDOWS\System32\PSAPI.DLL
0x00007ffd0a560000 - 0x00007ffd0a569000 	C:\WINDOWS\SYSTEM32\WSOCK32.dll
0x00007ffd0a2f0000 - 0x00007ffd0a313000 	C:\WINDOWS\SYSTEM32\WINMM.dll
0x00007ffd06640000 - 0x00007ffd0664a000 	C:\WINDOWS\SYSTEM32\VERSION.dll
0x00007ffd10040000 - 0x00007ffd100ac000 	C:\WINDOWS\System32\WS2_32.dll
0x00007ffd0a2a0000 - 0x00007ffd0a2ca000 	C:\WINDOWS\SYSTEM32\winmmbase.dll
0x00007ffd0cc20000 - 0x00007ffd0cc69000 	C:\WINDOWS\System32\cfgmgr32.dll
0x00007ffd0a3e0000 - 0x00007ffd0a3ef000 	C:\Program Files\Android\Android Studio\jre\jre\bin\verify.dll
0x00007ffd09460000 - 0x00007ffd09489000 	C:\Program Files\Android\Android Studio\jre\jre\bin\java.dll
0x00007ffd09440000 - 0x00007ffd09456000 	C:\Program Files\Android\Android Studio\jre\jre\bin\zip.dll
0x00007ffd0dfd0000 - 0x00007ffd0f410000 	C:\WINDOWS\System32\SHELL32.dll
0x00007ffd0de70000 - 0x00007ffd0df19000 	C:\WINDOWS\System32\shcore.dll
0x00007ffd0d3b0000 - 0x00007ffd0dabd000 	C:\WINDOWS\System32\windows.storage.dll
0x00007ffd0f4b0000 - 0x00007ffd0f501000 	C:\WINDOWS\System32\shlwapi.dll
0x00007ffd0ca60000 - 0x00007ffd0ca71000 	C:\WINDOWS\System32\kernel.appcore.dll
0x00007ffd0ca40000 - 0x00007ffd0ca5f000 	C:\WINDOWS\System32\profapi.dll
0x00007ffd0c9f0000 - 0x00007ffd0ca3c000 	C:\WINDOWS\System32\powrprof.dll
0x00007ffd0c9e0000 - 0x00007ffd0c9ea000 	C:\WINDOWS\System32\FLTLIB.DLL
0x00007ffd093f0000 - 0x00007ffd0940a000 	C:\Program Files\Android\Android Studio\jre\jre\bin\net.dll
0x00007ffd0c1e0000 - 0x00007ffd0c246000 	C:\WINDOWS\system32\mswsock.dll
0x00007ffd093d0000 - 0x00007ffd093e1000 	C:\Program Files\Android\Android Studio\jre\jre\bin\nio.dll
0x00007ffd08d10000 - 0x00007ffd08d2e000 	C:\Users\arindatiko\.gradle\native\25\windows-amd64\native-platform.dll
0x00007ffd09a60000 - 0x00007ffd09a6d000 	C:\Program Files\Android\Android Studio\jre\jre\bin\management.dll
0x00007ffd0c390000 - 0x00007ffd0c3a7000 	C:\WINDOWS\SYSTEM32\CRYPTSP.dll
0x00007ffd0bdc0000 - 0x00007ffd0bdf3000 	C:\WINDOWS\system32\rsaenh.dll
0x00007ffd0c4c0000 - 0x00007ffd0c4e5000 	C:\WINDOWS\SYSTEM32\bcrypt.dll
0x00007ffd0c8c0000 - 0x00007ffd0c8e8000 	C:\WINDOWS\SYSTEM32\USERENV.dll
0x00007ffd0c3b0000 - 0x00007ffd0c3bb000 	C:\WINDOWS\SYSTEM32\CRYPTBASE.dll
0x00007ffd0bf60000 - 0x00007ffd0bf98000 	C:\WINDOWS\SYSTEM32\IPHLPAPI.DLL
0x00007ffd0dd00000 - 0x00007ffd0dd08000 	C:\WINDOWS\System32\NSI.dll
0x00007ffd05280000 - 0x00007ffd05296000 	C:\WINDOWS\SYSTEM32\dhcpcsvc6.DLL
0x00007ffd05310000 - 0x00007ffd0532a000 	C:\WINDOWS\SYSTEM32\dhcpcsvc.DLL

VM Arguments:
jvm_args: -Xmx1536m -Dfile.encoding=windows-1252 -Duser.country=GB -Duser.language=en -Duser.variant 
java_command: org.gradle.launcher.daemon.bootstrap.GradleDaemon 4.4
java_class_path (initial): C:\Users\arindatiko\.gradle\wrapper\dists\gradle-4.4-all\9br9xq1tocpiv8o6njlyu5op1\gradle-4.4\lib\gradle-launcher-4.4.jar
Launcher Type: SUN_STANDARD

Environment Variables:
PATH=C:\WINDOWS\system32;C:\WINDOWS;C:\WINDOWS\System32\Wbem;C:\WINDOWS\System32\WindowsPowerShell\v1.0\;C:\Program Files\Microsoft SQL Server\130\Tools\Binn\;C:\Program Files (x86)\Git\cmd;C:\xampp\php;;C:\WINDOWS\System32\OpenSSH\;C:\Users\arindatiko\AppData\Local\Microsoft\WindowsApps;
USERNAME=arindatiko
OS=Windows_NT
PROCESSOR_IDENTIFIER=Intel64 Family 6 Model 58 Stepping 9, GenuineIntel



---------------  S Y S T E M  ---------------

OS: Windows 10.0 , 64 bit Build 17134 (10.0.17134.1)

CPU:total 4 (initial active 4) (2 cores per cpu, 2 threads per core) family 6 model 58 stepping 9, cmov, cx8, fxsr, mmx, sse, sse2, sse3, ssse3, sse4.1, sse4.2, popcnt, avx, clmul, erms, ht, tsc, tscinvbit, tscinv

Memory: 4k page, physical 4077352k(914424k free), swap 16660264k(14388k free)

vm_info: OpenJDK 64-Bit Server VM (25.152-b02) for windows-amd64 JRE (1.8.0_152-release-1024-b02), built by "builder" with MS VC++ 10.0 (VS2010)

time: Thu Jul 12 12:53:25 2018
elapsed time: 269 seconds (0d 0h 4m 29s)

