#
# There is insufficient memory for the Java Runtime Environment to continue.
# Native memory allocation (malloc) failed to allocate 1340208 bytes for Chunk::new
# Possible reasons:
#   The system is out of physical RAM or swap space
#   In 32 bit mode, the process size limit was hit
# Possible solutions:
#   Reduce memory load on the system
#   Increase physical memory or swap space
#   Check if swap backing store is full
#   Use 64 bit Java on a 64 bit OS
#   Decrease Java heap size (-Xmx/-Xms)
#   Decrease number of Java threads
#   Decrease Java thread stack sizes (-Xss)
#   Set larger code cache with -XX:ReservedCodeCacheSize=
# This output file may be truncated or incomplete.
#
#  Out of Memory Error (allocation.cpp:390), pid=5640, tid=0x0000000000003218
#
# JRE version: OpenJDK Runtime Environment (8.0_152-b02) (build 1.8.0_152-release-1024-b02)
# Java VM: OpenJDK 64-Bit Server VM (25.152-b02 mixed mode windows-amd64 compressed oops)
# Failed to write core dump. Minidumps are not enabled by default on client versions of Windows
#

---------------  T H R E A D  ---------------

Current thread (0x0000000016c47800):  JavaThread "C2 CompilerThread0" daemon [_thread_in_native, id=12824, stack(0x0000000018290000,0x0000000018390000)]

Stack: [0x0000000018290000,0x0000000018390000]
[error occurred during error reporting (printing stack bounds), id 0xc0000005]

Native frames: (J=compiled Java code, j=interpreted, Vv=VM code, C=native code)


Current CompileTask:
C2:  41107 12448 %     4       com.android.tools.r8.org.objectweb.asm.ClassReader::readCode @ 74 (3575 bytes)


---------------  P R O C E S S  ---------------

Java Threads: ( => current thread )
  0x000000001cd36000 JavaThread "pool-16-thread-2" [_thread_blocked, id=2756, stack(0x0000000026da0000,0x0000000026ea0000)]
  0x000000001c9a5800 JavaThread "pool-16-thread-1" [_thread_in_Java, id=9432, stack(0x0000000026ca0000,0x0000000026da0000)]
  0x000000001c9aa800 JavaThread "pool-15-thread-2" [_thread_blocked, id=17968, stack(0x0000000026ba0000,0x0000000026ca0000)]
  0x000000001c9aa000 JavaThread "pool-15-thread-1" [_thread_in_Java, id=18908, stack(0x0000000026aa0000,0x0000000026ba0000)]
  0x000000001c9a9000 JavaThread "pool-14-thread-2" [_thread_in_Java, id=18428, stack(0x00000000269a0000,0x0000000026aa0000)]
  0x000000001c9ac000 JavaThread "pool-14-thread-1" [_thread_in_Java, id=9368, stack(0x00000000268a0000,0x00000000269a0000)]
  0x000000001c9ab800 JavaThread "ForkJoinPool.commonPool-worker-3" daemon [_thread_blocked, id=8596, stack(0x00000000249a0000,0x0000000024aa0000)]
  0x000000001c9a7000 JavaThread "ForkJoinPool.commonPool-worker-2" daemon [_thread_blocked, id=6648, stack(0x00000000248a0000,0x00000000249a0000)]
  0x000000001c9a6000 JavaThread "ForkJoinPool.commonPool-worker-1" daemon [_thread_blocked, id=19268, stack(0x00000000247a0000,0x00000000248a0000)]
  0x000000001c9a4800 JavaThread "Cache worker for Java compile cache (E:\KULIAH\TUGAS AKHIR\TravelMeCustomer\.gradle\4.4\javaCompile)" [_thread_blocked, id=16464, stack(0x0000000023ea0000,0x0000000023fa0000)]
  0x000000001c9a4000 JavaThread "Task worker for ':' Thread 3" [_thread_blocked, id=7632, stack(0x0000000023840000,0x0000000023940000)]
  0x000000001c99e000 JavaThread "Task worker for ':' Thread 2" [_thread_blocked, id=17248, stack(0x0000000023740000,0x0000000023840000)]
  0x000000001c9a1800 JavaThread "Task worker for ':'" [_thread_blocked, id=1956, stack(0x0000000023640000,0x0000000023740000)]
  0x000000001c9a1000 JavaThread "Cache worker for Build Output Cleanup Cache (E:\KULIAH\TUGAS AKHIR\TravelMeCustomer\.gradle\buildOutputCleanup)" [_thread_blocked, id=5532, stack(0x0000000023540000,0x0000000023640000)]
  0x000000001c9a0000 JavaThread "Cache worker for task history cache (E:\KULIAH\TUGAS AKHIR\TravelMeCustomer\.gradle\4.4\taskHistory)" [_thread_blocked, id=844, stack(0x0000000023440000,0x0000000023540000)]
  0x000000001c99f800 JavaThread "Cache worker for file content cache (E:\KULIAH\TUGAS AKHIR\TravelMeCustomer\.gradle\4.4\fileContent)" [_thread_blocked, id=14824, stack(0x0000000023050000,0x0000000023150000)]
  0x000000001cd34000 JavaThread "Memory manager" [_thread_blocked, id=5856, stack(0x0000000022150000,0x0000000022250000)]
  0x000000001cd33000 JavaThread "build operations Thread 4" [_thread_blocked, id=13360, stack(0x0000000020860000,0x0000000020960000)]
  0x000000001cd35800 JavaThread "build operations Thread 3" [_thread_blocked, id=1800, stack(0x0000000020760000,0x0000000020860000)]
  0x000000001cd32800 JavaThread "build operations Thread 2" [_thread_blocked, id=5160, stack(0x0000000020660000,0x0000000020760000)]
  0x000000001cd31800 JavaThread "build operations" [_thread_blocked, id=2396, stack(0x000000001f210000,0x000000001f310000)]
  0x000000001cd34800 JavaThread "Cache worker for Artifact transforms cache (C:\Users\arindatiko\.gradle\caches\transforms-1)" [_thread_blocked, id=724, stack(0x000000001daa0000,0x000000001dba0000)]
  0x0000000019cdc800 JavaThread "Cache worker for file hash cache (E:\KULIAH\TUGAS AKHIR\TravelMeCustomer\.gradle\4.4\fileHashes)" [_thread_blocked, id=20880, stack(0x000000001c7d0000,0x000000001c8d0000)]
  0x0000000019d4b800 JavaThread "File lock request listener" [_thread_in_native, id=19640, stack(0x000000001b700000,0x000000001b800000)]
  0x0000000019ee5000 JavaThread "Cache worker for file hash cache (C:\Users\arindatiko\.gradle\caches\4.4\fileHashes)" [_thread_blocked, id=17224, stack(0x000000001b600000,0x000000001b700000)]
  0x0000000019d1f000 JavaThread "Stdin handler" [_thread_blocked, id=4796, stack(0x000000001b300000,0x000000001b400000)]
  0x0000000019cad800 JavaThread "Asynchronous log dispatcher for DefaultDaemonConnection: socket connection from /127.0.0.1:58652 to /127.0.0.1:58653" [_thread_blocked, id=11716, stack(0x000000001b200000,0x000000001b300000)]
  0x0000000019cac000 JavaThread "Daemon worker" [_thread_blocked, id=12856, stack(0x000000001b100000,0x000000001b200000)]
  0x0000000019cab000 JavaThread "Cancel handler" [_thread_blocked, id=5648, stack(0x000000001b000000,0x000000001b100000)]
  0x0000000019c70800 JavaThread "Handler for socket connection from /127.0.0.1:58652 to /127.0.0.1:58653" [_thread_in_native, id=8560, stack(0x000000001ad00000,0x000000001ae00000)]
  0x0000000019c70000 JavaThread "Daemon" [_thread_blocked, id=13048, stack(0x000000001ac00000,0x000000001ad00000)]
  0x0000000019bf6800 JavaThread "Daemon periodic checks" [_thread_blocked, id=15996, stack(0x000000001ab00000,0x000000001ac00000)]
  0x0000000019bd3000 JavaThread "Incoming local TCP Connector on port 58652" [_thread_in_native, id=18080, stack(0x000000001a8c0000,0x000000001a9c0000)]
  0x00000000185b8800 JavaThread "Service Thread" daemon [_thread_blocked, id=9088, stack(0x0000000018990000,0x0000000018a90000)]
  0x0000000016c42800 JavaThread "C1 CompilerThread2" daemon [_thread_blocked, id=13596, stack(0x0000000018490000,0x0000000018590000)]
  0x0000000016c3b800 JavaThread "C2 CompilerThread1" daemon [_thread_in_native, id=10844, stack(0x0000000018390000,0x0000000018490000)]
=>0x0000000016c47800 JavaThread "C2 CompilerThread0" daemon [_thread_in_native, id=12824, stack(0x0000000018290000,0x0000000018390000)]
  0x0000000016c46000 JavaThread "Attach Listener" daemon [_thread_blocked, id=14644, stack(0x0000000018190000,0x0000000018290000)]
  0x0000000016c45000 JavaThread "Signal Dispatcher" daemon [_thread_blocked, id=12680, stack(0x0000000018090000,0x0000000018190000)]
  0x0000000016c28800 JavaThread "Finalizer" daemon [_thread_blocked, id=15700, stack(0x0000000017ea0000,0x0000000017fa0000)]
  0x00000000032c2800 JavaThread "Reference Handler" daemon [_thread_blocked, id=6888, stack(0x0000000017da0000,0x0000000017ea0000)]
  0x00000000018fe000 JavaThread "main" [_thread_blocked, id=19096, stack(0x00000000030d0000,0x00000000031d0000)]

Other Threads:
  0x0000000016c05000 VMThread [stack: 0x0000000017ca0000,0x0000000017da0000] [id=1832]
  0x0000000016c9e800 WatcherThread [stack: 0x0000000018a90000,0x0000000018b90000] [id=19232]

VM state:not at safepoint (normal execution)

VM Mutex/Monitor currently owned by a thread: None

Heap:
 PSYoungGen      total 253440K, used 54651K [0x00000000e0000000, 0x00000000f2380000, 0x0000000100000000)
  eden space 216576K, 16% used [0x00000000e0000000,0x00000000e23b04a8,0x00000000ed380000)
  from space 36864K, 49% used [0x00000000eff80000,0x00000000f112e940,0x00000000f2380000)
  to   space 40960K, 0% used [0x00000000ed380000,0x00000000ed380000,0x00000000efb80000)
 ParOldGen       total 103936K, used 47555K [0x00000000a0000000, 0x00000000a6580000, 0x00000000e0000000)
  object space 103936K, 45% used [0x00000000a0000000,0x00000000a2e70f40,0x00000000a6580000)
 Metaspace       used 71289K, capacity 74646K, committed 74752K, reserved 1114112K
  class space    used 9461K, capacity 10209K, committed 10240K, reserved 1048576K

Card table byte_map: [0x0000000012690000,0x00000000129a0000] byte_map_base: 0x0000000012190000

Marking Bits: (ParMarkBitMap*) 0x0000000059cb4970
 Begin Bits: [0x0000000012fa0000, 0x00000000147a0000)
 End Bits:   [0x00000000147a0000, 0x0000000015fa0000)

Polling page: 0x0000000001890000

CodeCache: size=245760Kb used=34978Kb max_used=35016Kb free=210781Kb
 bounds [0x00000000032d0000, 0x0000000005540000, 0x00000000122d0000]
 total_blobs=11028 nmethods=10210 adapters=729
 compilation: enabled

Compilation events (10 events):
Event: 41.075 Thread 0x0000000016c42800 nmethod 12657 0x0000000004962010 code [0x0000000004962160, 0x00000000049622b0]
Event: 41.076 Thread 0x0000000016c42800 12658       2       java.util.SortedSet::spliterator (12 bytes)
Event: 41.076 Thread 0x0000000016c42800 nmethod 12658 0x0000000004be4710 code [0x0000000004be4880, 0x0000000004be4a68]
Event: 41.076 Thread 0x0000000016c42800 12659       2       java.util.SortedSet$1::<init> (12 bytes)
Event: 41.076 Thread 0x0000000016c42800 nmethod 12659 0x0000000004be4350 code [0x0000000004be44c0, 0x0000000004be4648]
Event: 41.076 Thread 0x0000000016c42800 12660       2       java.util.stream.SliceOps::flags (20 bytes)
Event: 41.076 Thread 0x0000000016c42800 nmethod 12660 0x0000000004961d10 code [0x0000000004961e60, 0x0000000004961fb0]
Event: 41.077 Thread 0x0000000016c42800 12661       2       com.android.tools.r8.ir.code.Move::src (14 bytes)
Event: 41.077 Thread 0x0000000016c42800 nmethod 12661 0x0000000004e9fdd0 code [0x0000000004e9ff40, 0x0000000004ea00e8]
Event: 41.079 Thread 0x0000000016c42800 12662       2       com.android.tools.r8.ir.regalloc.LinearScanRegisterAllocator::excludeRegistersForInterval (55 bytes)

GC Heap History (10 events):
Event: 22.961 GC heap before
{Heap before GC invocations=16 (full 3):
 PSYoungGen      total 172544K, used 2204K [0x00000000e0000000, 0x00000000edb00000, 0x0000000100000000)
  eden space 154624K, 0% used [0x00000000e0000000,0x00000000e0000000,0x00000000e9700000)
  from space 17920K, 12% used [0x00000000e9700000,0x00000000e99271a8,0x00000000ea880000)
  to   space 17920K, 0% used [0x00000000ec980000,0x00000000ec980000,0x00000000edb00000)
 ParOldGen       total 62976K, used 46881K [0x00000000a0000000, 0x00000000a3d80000, 0x00000000e0000000)
  object space 62976K, 74% used [0x00000000a0000000,0x00000000a2dc84f0,0x00000000a3d80000)
 Metaspace       used 56819K, capacity 58788K, committed 59008K, reserved 1099776K
  class space    used 7791K, capacity 8292K, committed 8320K, reserved 1048576K
Event: 23.330 GC heap after
Heap after GC invocations=16 (full 3):
 PSYoungGen      total 172544K, used 0K [0x00000000e0000000, 0x00000000edb00000, 0x0000000100000000)
  eden space 154624K, 0% used [0x00000000e0000000,0x00000000e0000000,0x00000000e9700000)
  from space 17920K, 0% used [0x00000000e9700000,0x00000000e9700000,0x00000000ea880000)
  to   space 17920K, 0% used [0x00000000ec980000,0x00000000ec980000,0x00000000edb00000)
 ParOldGen       total 103936K, used 38718K [0x00000000a0000000, 0x00000000a6580000, 0x00000000e0000000)
  object space 103936K, 37% used [0x00000000a0000000,0x00000000a25cf888,0x00000000a6580000)
 Metaspace       used 56819K, capacity 58788K, committed 59008K, reserved 1099776K
  class space    used 7791K, capacity 8292K, committed 8320K, reserved 1048576K
}
Event: 26.925 GC heap before
{Heap before GC invocations=17 (full 3):
 PSYoungGen      total 172544K, used 154624K [0x00000000e0000000, 0x00000000edb00000, 0x0000000100000000)
  eden space 154624K, 100% used [0x00000000e0000000,0x00000000e9700000,0x00000000e9700000)
  from space 17920K, 0% used [0x00000000e9700000,0x00000000e9700000,0x00000000ea880000)
  to   space 17920K, 0% used [0x00000000ec980000,0x00000000ec980000,0x00000000edb00000)
 ParOldGen       total 103936K, used 38718K [0x00000000a0000000, 0x00000000a6580000, 0x00000000e0000000)
  object space 103936K, 37% used [0x00000000a0000000,0x00000000a25cf888,0x00000000a6580000)
 Metaspace       used 61906K, capacity 63894K, committed 64256K, reserved 1103872K
  class space    used 8325K, capacity 8845K, committed 8960K, reserved 1048576K
Event: 27.007 GC heap after
Heap after GC invocations=17 (full 3):
 PSYoungGen      total 196608K, used 17916K [0x00000000e0000000, 0x00000000eef80000, 0x0000000100000000)
  eden space 178688K, 0% used [0x00000000e0000000,0x00000000e0000000,0x00000000eae80000)
  from space 17920K, 99% used [0x00000000ec980000,0x00000000edaff028,0x00000000edb00000)
  to   space 27648K, 0% used [0x00000000eae80000,0x00000000eae80000,0x00000000ec980000)
 ParOldGen       total 103936K, used 57230K [0x00000000a0000000, 0x00000000a6580000, 0x00000000e0000000)
  object space 103936K, 55% used [0x00000000a0000000,0x00000000a37e3b98,0x00000000a6580000)
 Metaspace       used 61906K, capacity 63894K, committed 64256K, reserved 1103872K
  class space    used 8325K, capacity 8845K, committed 8960K, reserved 1048576K
}
Event: 33.696 GC heap before
{Heap before GC invocations=18 (full 3):
 PSYoungGen      total 196608K, used 196604K [0x00000000e0000000, 0x00000000eef80000, 0x0000000100000000)
  eden space 178688K, 100% used [0x00000000e0000000,0x00000000eae80000,0x00000000eae80000)
  from space 17920K, 99% used [0x00000000ec980000,0x00000000edaff028,0x00000000edb00000)
  to   space 27648K, 0% used [0x00000000eae80000,0x00000000eae80000,0x00000000ec980000)
 ParOldGen       total 103936K, used 57230K [0x00000000a0000000, 0x00000000a6580000, 0x00000000e0000000)
  object space 103936K, 55% used [0x00000000a0000000,0x00000000a37e3b98,0x00000000a6580000)
 Metaspace       used 63487K, capacity 65500K, committed 65920K, reserved 1105920K
  class space    used 8420K, capacity 8974K, committed 9088K, reserved 1048576K
Event: 33.800 GC heap after
Heap after GC invocations=18 (full 3):
 PSYoungGen      total 206336K, used 27627K [0x00000000e0000000, 0x00000000f2900000, 0x0000000100000000)
  eden space 178688K, 0% used [0x00000000e0000000,0x00000000e0000000,0x00000000eae80000)
  from space 27648K, 99% used [0x00000000eae80000,0x00000000ec97ac68,0x00000000ec980000)
  to   space 42496K, 0% used [0x00000000eff80000,0x00000000eff80000,0x00000000f2900000)
 ParOldGen       total 103936K, used 84404K [0x00000000a0000000, 0x00000000a6580000, 0x00000000e0000000)
  object space 103936K, 81% used [0x00000000a0000000,0x00000000a526d258,0x00000000a6580000)
 Metaspace       used 63487K, capacity 65500K, committed 65920K, reserved 1105920K
  class space    used 8420K, capacity 8974K, committed 9088K, reserved 1048576K
}
Event: 33.800 GC heap before
{Heap before GC invocations=19 (full 4):
 PSYoungGen      total 206336K, used 27627K [0x00000000e0000000, 0x00000000f2900000, 0x0000000100000000)
  eden space 178688K, 0% used [0x00000000e0000000,0x00000000e0000000,0x00000000eae80000)
  from space 27648K, 99% used [0x00000000eae80000,0x00000000ec97ac68,0x00000000ec980000)
  to   space 42496K, 0% used [0x00000000eff80000,0x00000000eff80000,0x00000000f2900000)
 ParOldGen       total 103936K, used 84404K [0x00000000a0000000, 0x00000000a6580000, 0x00000000e0000000)
  object space 103936K, 81% used [0x00000000a0000000,0x00000000a526d258,0x00000000a6580000)
 Metaspace       used 63487K, capacity 65500K, committed 65920K, reserved 1105920K
  class space    used 8420K, capacity 8974K, committed 9088K, reserved 1048576K
Event: 34.026 GC heap after
Heap after GC invocations=19 (full 4):
 PSYoungGen      total 206336K, used 0K [0x00000000e0000000, 0x00000000f2900000, 0x0000000100000000)
  eden space 178688K, 0% used [0x00000000e0000000,0x00000000e0000000,0x00000000eae80000)
  from space 27648K, 0% used [0x00000000eae80000,0x00000000eae80000,0x00000000ec980000)
  to   space 42496K, 0% used [0x00000000eff80000,0x00000000eff80000,0x00000000f2900000)
 ParOldGen       total 103936K, used 47547K [0x00000000a0000000, 0x00000000a6580000, 0x00000000e0000000)
  object space 103936K, 45% used [0x00000000a0000000,0x00000000a2e6ef40,0x00000000a6580000)
 Metaspace       used 62510K, capacity 64490K, committed 65920K, reserved 1105920K
  class space    used 8322K, capacity 8869K, committed 9088K, reserved 1048576K
}
Event: 40.543 GC heap before
{Heap before GC invocations=20 (full 4):
 PSYoungGen      total 206336K, used 178688K [0x00000000e0000000, 0x00000000f2900000, 0x0000000100000000)
  eden space 178688K, 100% used [0x00000000e0000000,0x00000000eae80000,0x00000000eae80000)
  from space 27648K, 0% used [0x00000000eae80000,0x00000000eae80000,0x00000000ec980000)
  to   space 42496K, 0% used [0x00000000eff80000,0x00000000eff80000,0x00000000f2900000)
 ParOldGen       total 103936K, used 47547K [0x00000000a0000000, 0x00000000a6580000, 0x00000000e0000000)
  object space 103936K, 45% used [0x00000000a0000000,0x00000000a2e6ef40,0x00000000a6580000)
 Metaspace       used 71097K, capacity 74414K, committed 74496K, reserved 1114112K
  class space    used 9442K, capacity 10175K, committed 10240K, reserved 1048576K
Event: 40.593 GC heap after
Heap after GC invocations=20 (full 4):
 PSYoungGen      total 253440K, used 18106K [0x00000000e0000000, 0x00000000f2380000, 0x0000000100000000)
  eden space 216576K, 0% used [0x00000000e0000000,0x00000000e0000000,0x00000000ed380000)
  from space 36864K, 49% used [0x00000000eff80000,0x00000000f112e940,0x00000000f2380000)
  to   space 40960K, 0% used [0x00000000ed380000,0x00000000ed380000,0x00000000efb80000)
 ParOldGen       total 103936K, used 47555K [0x00000000a0000000, 0x00000000a6580000, 0x00000000e0000000)
  object space 103936K, 45% used [0x00000000a0000000,0x00000000a2e70f40,0x00000000a6580000)
 Metaspace       used 71097K, capacity 74414K, committed 74496K, reserved 1114112K
  class space    used 9442K, capacity 10175K, committed 10240K, reserved 1048576K
}

Deoptimization events (10 events):
Event: 40.153 Thread 0x000000001c9ab800 Uncommon trap: reason=array_check action=maybe_recompile pc=0x0000000004660f50 method=java.util.TimSort.binarySort([Ljava/lang/Object;IIILjava/util/Comparator;)V @ 193
Event: 40.170 Thread 0x000000001cd36000 Uncommon trap: reason=array_check action=maybe_recompile pc=0x0000000004660f50 method=java.util.TimSort.binarySort([Ljava/lang/Object;IIILjava/util/Comparator;)V @ 193
Event: 40.171 Thread 0x000000001cd36000 Uncommon trap: reason=array_check action=maybe_recompile pc=0x0000000004660e8c method=java.util.TimSort.binarySort([Ljava/lang/Object;IIILjava/util/Comparator;)V @ 215
Event: 40.200 Thread 0x000000001c9a5800 Uncommon trap: reason=array_check action=maybe_recompile pc=0x0000000004660f50 method=java.util.TimSort.binarySort([Ljava/lang/Object;IIILjava/util/Comparator;)V @ 193
Event: 40.430 Thread 0x000000001c9ac000 Uncommon trap: reason=unstable_if action=reinterpret pc=0x00000000053fdf3c method=com.android.tools.r8.ir.conversion.JarSourceCode.canThrow(Lcom/android/tools/r8/org/objectweb/asm/tree/AbstractInsnNode;)Z @ 764
Event: 40.602 Thread 0x00000000032c2800 Uncommon trap: reason=unstable_if action=reinterpret pc=0x0000000003a36338 method=java.lang.ref.Reference.tryHandlePending(Z)Z @ 20
Event: 40.810 Thread 0x000000001c9a5800 Uncommon trap: reason=unstable_if action=reinterpret pc=0x000000000493dca4 method=com.android.tools.r8.ir.code.ValueType.isWide()Z @ 11
Event: 40.810 Thread 0x000000001c9a5800 Uncommon trap: reason=unstable_if action=reinterpret pc=0x00000000050042ac method=com.android.tools.r8.ir.code.Value.isConstant()Z @ 14
Event: 40.818 Thread 0x000000001c9a5800 Uncommon trap: reason=unstable_if action=reinterpret pc=0x000000000542eecc method=com.android.tools.r8.ir.regalloc.LiveIntervals.hasSplits()Z @ 9
Event: 40.818 Thread 0x000000001c9a5800 Uncommon trap: reason=unstable_if action=reinterpret pc=0x0000000004b7e210 method=com.android.tools.r8.ir.regalloc.LiveIntervals.hasSplits()Z @ 9

Classes redefined (0 events):
No events

Internal exceptions (10 events):
Event: 40.209 Thread 0x0000000018f24000 Exception <a 'sun/nio/fs/WindowsException'> (0x00000000e97b2920) thrown at [D:\src\AOSP-openjdk-cygwin\jdk8u\hotspot\src\share\vm\prims\jni.cpp, line 709]
Event: 40.218 Thread 0x000000001c9a5800 Exception <a 'sun/nio/fs/WindowsException'> (0x00000000e9a6b670) thrown at [D:\src\AOSP-openjdk-cygwin\jdk8u\hotspot\src\share\vm\prims\jni.cpp, line 709]
Event: 40.230 Thread 0x000000001c9a6000 Exception <a 'sun/nio/fs/WindowsException'> (0x00000000e9685a40) thrown at [D:\src\AOSP-openjdk-cygwin\jdk8u\hotspot\src\share\vm\prims\jni.cpp, line 709]
Event: 40.269 Thread 0x0000000018f26800 Exception <a 'sun/nio/fs/WindowsException'> (0x00000000e9bea1b0) thrown at [D:\src\AOSP-openjdk-cygwin\jdk8u\hotspot\src\share\vm\prims\jni.cpp, line 709]
Event: 40.293 Thread 0x000000001c9aa800 Exception <a 'sun/nio/fs/WindowsException'> (0x00000000e992f650) thrown at [D:\src\AOSP-openjdk-cygwin\jdk8u\hotspot\src\share\vm\prims\jni.cpp, line 709]
Event: 40.303 Thread 0x000000001c9aa800 Exception <a 'sun/nio/fs/WindowsException'> (0x00000000e9e58e68) thrown at [D:\src\AOSP-openjdk-cygwin\jdk8u\hotspot\src\share\vm\prims\jni.cpp, line 709]
Event: 40.317 Thread 0x000000001c9aa000 Exception <a 'sun/nio/fs/WindowsException'> (0x00000000e9db7310) thrown at [D:\src\AOSP-openjdk-cygwin\jdk8u\hotspot\src\share\vm\prims\jni.cpp, line 709]
Event: 40.330 Thread 0x000000001c9a6000 Exception <a 'sun/nio/fs/WindowsException'> (0x00000000e9efc528) thrown at [D:\src\AOSP-openjdk-cygwin\jdk8u\hotspot\src\share\vm\prims\jni.cpp, line 709]
Event: 40.338 Thread 0x000000001c9ab800 Exception <a 'sun/nio/fs/WindowsException'> (0x00000000e9eafdb0) thrown at [D:\src\AOSP-openjdk-cygwin\jdk8u\hotspot\src\share\vm\prims\jni.cpp, line 709]
Event: 40.345 Thread 0x000000001c9a7000 Exception <a 'sun/nio/fs/WindowsException'> (0x00000000e9fe58d0) thrown at [D:\src\AOSP-openjdk-cygwin\jdk8u\hotspot\src\share\vm\prims\jni.cpp, line 709]

Events (10 events):
Event: 40.818 Thread 0x000000001c9a5800 DEOPT PACKING pc=0x0000000004b7e210 sp=0x0000000026d9ea80
Event: 40.818 Thread 0x000000001c9a5800 DEOPT UNPACKING pc=0x000000000331557b sp=0x0000000026d9ea18 mode 2
Event: 40.821 loading class com/android/tools/r8/ir/code/ArithmeticBinop$1
Event: 40.821 loading class com/android/tools/r8/ir/code/ArithmeticBinop$1 done
Event: 40.870 loading class com/android/tools/r8/ir/conversion/DexBuilder$FillArrayDataInfo
Event: 40.870 loading class com/android/tools/r8/ir/conversion/DexBuilder$FillArrayDataInfo done
Event: 40.871 Executing VM operation: BulkRevokeBias
Event: 40.874 Executing VM operation: BulkRevokeBias done
Event: 40.983 Executing VM operation: RevokeBias
Event: 40.983 Executing VM operation: RevokeBias done


Dynamic libraries:
0x00007ff6390f0000 - 0x00007ff639121000 	C:\Program Files\Android\Android Studio\jre\bin\java.exe
0x00007ffd106b0000 - 0x00007ffd10891000 	C:\WINDOWS\SYSTEM32\ntdll.dll
0x00007ffd0fcd0000 - 0x00007ffd0fd82000 	C:\WINDOWS\System32\KERNEL32.DLL
0x00007ffd0cc70000 - 0x00007ffd0cee3000 	C:\WINDOWS\System32\KERNELBASE.dll
0x00007ffd0fc00000 - 0x00007ffd0fca1000 	C:\WINDOWS\System32\ADVAPI32.dll
0x00007ffd0f410000 - 0x00007ffd0f4ae000 	C:\WINDOWS\System32\msvcrt.dll
0x00007ffd0dd10000 - 0x00007ffd0dd6b000 	C:\WINDOWS\System32\sechost.dll
0x00007ffd0f840000 - 0x00007ffd0f964000 	C:\WINDOWS\System32\RPCRT4.dll
0x00007ffd0fdc0000 - 0x00007ffd0ff50000 	C:\WINDOWS\System32\USER32.dll
0x00007ffd0d190000 - 0x00007ffd0d1b0000 	C:\WINDOWS\System32\win32u.dll
0x00007ffd0fd90000 - 0x00007ffd0fdb8000 	C:\WINDOWS\System32\GDI32.dll
0x00007ffd0d1b0000 - 0x00007ffd0d342000 	C:\WINDOWS\System32\gdi32full.dll
0x00007ffd0ca80000 - 0x00007ffd0cb1f000 	C:\WINDOWS\System32\msvcp_win.dll
0x00007ffd0cb20000 - 0x00007ffd0cc1a000 	C:\WINDOWS\System32\ucrtbase.dll
0x00007ffd01d90000 - 0x00007ffd01ff9000 	C:\WINDOWS\WinSxS\amd64_microsoft.windows.common-controls_6595b64144ccf1df_6.0.17134.137_none_fb44974530639b67\COMCTL32.dll
0x00007ffd0f510000 - 0x00007ffd0f833000 	C:\WINDOWS\System32\combase.dll
0x00007ffd0dac0000 - 0x00007ffd0db3a000 	C:\WINDOWS\System32\bcryptPrimitives.dll
0x00007ffd0df20000 - 0x00007ffd0df4d000 	C:\WINDOWS\System32\IMM32.DLL
0x0000000058ed0000 - 0x0000000058fa2000 	C:\Program Files\Android\Android Studio\jre\jre\bin\msvcr100.dll
0x00000000594f0000 - 0x0000000059d2f000 	C:\Program Files\Android\Android Studio\jre\jre\bin\server\jvm.dll
0x00007ffd0fbf0000 - 0x00007ffd0fbf8000 	C:\WINDOWS\System32\PSAPI.DLL
0x00007ffd0a560000 - 0x00007ffd0a569000 	C:\WINDOWS\SYSTEM32\WSOCK32.dll
0x00007ffd0a2f0000 - 0x00007ffd0a313000 	C:\WINDOWS\SYSTEM32\WINMM.dll
0x00007ffd06640000 - 0x00007ffd0664a000 	C:\WINDOWS\SYSTEM32\VERSION.dll
0x00007ffd10040000 - 0x00007ffd100ac000 	C:\WINDOWS\System32\WS2_32.dll
0x00007ffd0a2a0000 - 0x00007ffd0a2ca000 	C:\WINDOWS\SYSTEM32\WINMMBASE.dll
0x00007ffd0cc20000 - 0x00007ffd0cc69000 	C:\WINDOWS\System32\cfgmgr32.dll
0x00007ffd0a390000 - 0x00007ffd0a39f000 	C:\Program Files\Android\Android Studio\jre\jre\bin\verify.dll
0x00007ffcfa7c0000 - 0x00007ffcfa7e9000 	C:\Program Files\Android\Android Studio\jre\jre\bin\java.dll
0x00007ffd027e0000 - 0x00007ffd027f6000 	C:\Program Files\Android\Android Studio\jre\jre\bin\zip.dll
0x00007ffd0dfd0000 - 0x00007ffd0f410000 	C:\WINDOWS\System32\SHELL32.dll
0x00007ffd0de70000 - 0x00007ffd0df19000 	C:\WINDOWS\System32\shcore.dll
0x00007ffd0d3b0000 - 0x00007ffd0dabd000 	C:\WINDOWS\System32\windows.storage.dll
0x00007ffd0f4b0000 - 0x00007ffd0f501000 	C:\WINDOWS\System32\shlwapi.dll
0x00007ffd0ca60000 - 0x00007ffd0ca71000 	C:\WINDOWS\System32\kernel.appcore.dll
0x00007ffd0ca40000 - 0x00007ffd0ca5f000 	C:\WINDOWS\System32\profapi.dll
0x00007ffd0c9f0000 - 0x00007ffd0ca3c000 	C:\WINDOWS\System32\powrprof.dll
0x00007ffd0c9e0000 - 0x00007ffd0c9ea000 	C:\WINDOWS\System32\FLTLIB.DLL
0x00007ffd02730000 - 0x00007ffd0274a000 	C:\Program Files\Android\Android Studio\jre\jre\bin\net.dll
0x00007ffd0c1e0000 - 0x00007ffd0c246000 	C:\WINDOWS\system32\mswsock.dll
0x00007ffd009f0000 - 0x00007ffd00a01000 	C:\Program Files\Android\Android Studio\jre\jre\bin\nio.dll
0x00007ffd0a360000 - 0x00007ffd0a37e000 	C:\Users\arindatiko\.gradle\native\25\windows-amd64\native-platform.dll
0x00007ffd0a380000 - 0x00007ffd0a38d000 	C:\Program Files\Android\Android Studio\jre\jre\bin\management.dll
0x00007ffd0c390000 - 0x00007ffd0c3a7000 	C:\WINDOWS\SYSTEM32\CRYPTSP.dll
0x00007ffd0bdc0000 - 0x00007ffd0bdf3000 	C:\WINDOWS\system32\rsaenh.dll
0x00007ffd0c4c0000 - 0x00007ffd0c4e5000 	C:\WINDOWS\SYSTEM32\bcrypt.dll
0x00007ffd0c8c0000 - 0x00007ffd0c8e8000 	C:\WINDOWS\SYSTEM32\USERENV.dll
0x00007ffd0c3b0000 - 0x00007ffd0c3bb000 	C:\WINDOWS\SYSTEM32\CRYPTBASE.dll
0x00007ffd0bf60000 - 0x00007ffd0bf98000 	C:\WINDOWS\SYSTEM32\IPHLPAPI.DLL
0x00007ffd0dd00000 - 0x00007ffd0dd08000 	C:\WINDOWS\System32\NSI.dll
0x00007ffd05280000 - 0x00007ffd05296000 	C:\WINDOWS\SYSTEM32\dhcpcsvc6.DLL
0x00007ffd05310000 - 0x00007ffd0532a000 	C:\WINDOWS\SYSTEM32\dhcpcsvc.DLL

VM Arguments:
jvm_args: -Xmx1536m -Dfile.encoding=windows-1252 -Duser.country=GB -Duser.language=en -Duser.variant 
java_command: org.gradle.launcher.daemon.bootstrap.GradleDaemon 4.4
java_class_path (initial): C:\Users\arindatiko\.gradle\wrapper\dists\gradle-4.4-all\9br9xq1tocpiv8o6njlyu5op1\gradle-4.4\lib\gradle-launcher-4.4.jar
Launcher Type: SUN_STANDARD

Environment Variables:
PATH=C:\WINDOWS\system32;C:\WINDOWS;C:\WINDOWS\System32\Wbem;C:\WINDOWS\System32\WindowsPowerShell\v1.0\;C:\Program Files\Microsoft SQL Server\130\Tools\Binn\;C:\Program Files (x86)\Git\cmd;C:\xampp\php;;C:\WINDOWS\System32\OpenSSH\;C:\Users\arindatiko\AppData\Local\Microsoft\WindowsApps;
USERNAME=arindatiko
OS=Windows_NT
PROCESSOR_IDENTIFIER=Intel64 Family 6 Model 58 Stepping 9, GenuineIntel



---------------  S Y S T E M  ---------------

OS: Windows 10.0 , 64 bit Build 17134 (10.0.17134.1)

CPU:total 4 (initial active 4) (2 cores per cpu, 2 threads per core) family 6 model 58 stepping 9, cmov, cx8, fxsr, mmx, sse, sse2, sse3, ssse3, sse4.1, sse4.2, popcnt, avx, clmul, erms, ht, tsc, tscinvbit, tscinv

Memory: 4k page, physical 4077352k(770656k free), swap 16660264k(8520k free)

vm_info: OpenJDK 64-Bit Server VM (25.152-b02) for windows-amd64 JRE (1.8.0_152-release-1024-b02), built by "builder" with MS VC++ 10.0 (VS2010)

time: Thu Jul 12 12:35:33 2018
elapsed time: 41 seconds (0d 0h 0m 41s)

