JvmtiExport can_access_local_variables 0
JvmtiExport can_hotswap_or_post_breakpoint 0
JvmtiExport can_post_on_exceptions 0
# 424 ciObject found
ciMethod java/lang/Object <init> ()V 4097 1 1953265 0 0
ciMethod java/lang/Object getClass ()Ljava/lang/Class; 2049 1 256 0 -1
ciMethod java/lang/Object hashCode ()I 2049 1 256 0 -1
ciMethod java/lang/Object equals (Ljava/lang/Object;)Z 2345 1 39981 0 64
ciMethod java/lang/Object clone ()Ljava/lang/Object; 2049 1 256 0 -1
ciMethod java/lang/String <init> ([CII)V 2897 1 5576 0 704
ciMethod java/lang/String length ()I 3089 1 649683 0 -1
ciMethod java/lang/String equals (Ljava/lang/Object;)Z 2049 12393 2402 0 -1
ciMethod java/lang/String startsWith (Ljava/lang/String;)Z 2121 1 143859 0 -1
ciMethod java/lang/String hashCode ()I 2673 32769 1036 0 288
ciMethod java/lang/String lastIndexOf (I)I 2057 1 49798 0 288
ciMethod java/lang/String lastIndexOf (II)I 1025 54569 832 0 288
ciMethod java/lang/String lastIndexOfSupplementary (II)I 0 0 1 0 -1
ciMethod java/lang/String substring (I)Ljava/lang/String; 2073 1 5633 0 -1
ciMethod java/lang/String substring (II)Ljava/lang/String; 2073 1 5694 0 992
ciMethod java/lang/String replace (CC)Ljava/lang/String; 825 41625 1256 0 -1
ciMethod java/lang/reflect/GenericDeclaration getTypeParameters ()[Ljava/lang/reflect/TypeVariable; 0 0 1 0 -1
ciMethod java/lang/Class isAssignableFrom (Ljava/lang/Class;)Z 2049 1 256 0 -1
ciMethod java/lang/Class getName ()Ljava/lang/String; 281 1 64471 0 96
ciMethod java/lang/Class getName0 ()Ljava/lang/String; 2089 1 261 0 -1
ciMethod java/lang/Class getClassLoader0 ()Ljava/lang/ClassLoader; 1025 1 128 0 0
ciMethod java/lang/Class getTypeParameters ()[Ljava/lang/reflect/TypeVariable; 3089 1 13683 0 1248
ciMethod java/lang/Class getGenericSuperclass ()Ljava/lang/reflect/Type; 89 1 1176 0 -1
ciMethod java/lang/Class getInterfaces ()[Ljava/lang/Class; 1 1 11063 0 -1
ciMethod java/lang/Class getGenericInterfaces ()[Ljava/lang/reflect/Type; 17 1 1237 0 -1
ciMethod java/lang/Class getModifiers ()I 2057 1 257 0 -1
ciMethod java/lang/Class getEnclosingMethod ()Ljava/lang/reflect/Method; 81 793 10 0 -1
ciMethod java/lang/Class getEnclosingConstructor ()Ljava/lang/reflect/Constructor; 41 9 5 0 -1
ciMethod java/lang/Class getDeclaringClass ()Ljava/lang/Class; 2185 1 8517 0 0
ciMethod java/lang/Class getDeclaringClass0 ()Ljava/lang/Class; 3081 1 385 0 -1
ciMethod java/lang/Class getEnclosingClass ()Ljava/lang/Class; 2049 1 4320 0 -1
ciMethod java/lang/Class checkPackageAccess (Ljava/lang/ClassLoader;Z)V 161 1 2386 0 0
ciMethod java/lang/Class getGenericSignature0 ()Ljava/lang/String; 2057 1 257 0 -1
ciMethod java/lang/Class getFactory ()Lsun/reflect/generics/factory/GenericsFactory; 105 1 223 0 0
ciMethod java/lang/Class getGenericInfo ()Lsun/reflect/generics/repository/ClassRepository; 305 1 5158 0 192
ciMethod java/lang/ClassLoader getClassLoader (Ljava/lang/Class;)Ljava/lang/ClassLoader; 57 1 3552 0 0
ciMethod java/lang/System getSecurityManager ()Ljava/lang/SecurityManager; 2073 1 97416 0 0
ciMethod java/lang/System arraycopy (Ljava/lang/Object;ILjava/lang/Object;II)V 4097 1 512 0 -1
ciMethod java/lang/SecurityManager checkPermission (Ljava/security/Permission;)V 0 0 1 0 -1
ciMethod java/lang/SecurityManager checkPackageAccess (Ljava/lang/String;)V 0 0 1 0 -1
ciMethod java/lang/ref/Reference get ()Ljava/lang/Object; 1185 1 148 0 -1
ciMethod java/lang/ref/WeakReference <init> (Ljava/lang/Object;)V 2905 1 43071 0 -1
ciMethod java/util/Map get (Ljava/lang/Object;)Ljava/lang/Object; 0 0 1 0 -1
ciMethod java/util/Map put (Ljava/lang/Object;Ljava/lang/Object;)Ljava/lang/Object; 0 0 1 0 -1
ciMethod java/util/Map remove (Ljava/lang/Object;)Ljava/lang/Object; 0 0 1 0 -1
ciMethod java/util/Map entrySet ()Ljava/util/Set; 0 0 1 0 -1
ciMethod java/lang/reflect/Member getDeclaringClass ()Ljava/lang/Class; 0 0 1 0 -1
ciMethod java/lang/reflect/Member getModifiers ()I 0 0 1 0 -1
ciMethod java/lang/reflect/Method getDeclaringClass ()Ljava/lang/Class; 1041 1 130 0 0
ciMethod java/lang/reflect/Method getName ()Ljava/lang/String; 2777 1 347 0 0
ciMethod java/lang/reflect/Method getModifiers ()I 1121 1 140 0 0
ciMethod java/lang/reflect/Method hashCode ()I 2129 1 4543 0 0
ciMethod java/lang/StringBuilder <init> (Ljava/lang/String;)V 3097 1 14265 0 -1
ciMethod java/lang/StringBuilder append (Ljava/lang/String;)Ljava/lang/StringBuilder; 2065 1 358470 0 -1
ciMethod java/lang/StringBuilder toString ()Ljava/lang/String; 1025 1 157171 0 -1
ciMethod java/lang/Character isValidCodePoint (I)Z 0 0 1 0 -1
ciMethod java/lang/Character highSurrogate (I)C 0 0 1 0 -1
ciMethod java/lang/Character lowSurrogate (I)C 0 0 1 0 -1
ciMethod java/util/List isEmpty ()Z 0 0 1 0 -1
ciMethod java/util/List iterator ()Ljava/util/Iterator; 0 0 1 0 -1
ciMethod java/util/Set iterator ()Ljava/util/Iterator; 0 0 1 0 -1
ciMethod java/util/AbstractMap <init> ()V 545 1 52743 0 32
ciMethod sun/reflect/Reflection getCallerClass ()Ljava/lang/Class; 3073 1 384 0 -1
ciMethod java/util/HashMap hash (Ljava/lang/Object;)I 2089 1 95217 0 160
ciMethod java/util/HashMap <init> ()V 217 1 31318 0 32
ciMethod java/util/HashMap get (Ljava/lang/Object;)Ljava/lang/Object; 2049 1 24763 0 672
ciMethod java/util/HashMap getNode (ILjava/lang/Object;)Ljava/util/HashMap$Node; 2049 1 19361 0 480
ciMethod java/util/Map$Entry getValue ()Ljava/lang/Object; 0 0 1 0 -1
ciMethod java/util/Map$Entry setValue (Ljava/lang/Object;)Ljava/lang/Object; 0 0 1 0 -1
ciMethod java/lang/Math min (II)I 2889 1 205031 0 -1
ciMethod java/util/Objects equals (Ljava/lang/Object;Ljava/lang/Object;)Z 2049 1 4912 0 0
ciMethod java/util/Iterator hasNext ()Z 0 0 1 0 -1
ciMethod java/util/Iterator next ()Ljava/lang/Object; 0 0 1 0 -1
ciMethod sun/reflect/generics/repository/ClassRepository <init> (Ljava/lang/String;Lsun/reflect/generics/factory/GenericsFactory;)V 113 1 215 0 -1
ciMethod sun/reflect/generics/repository/ClassRepository make (Ljava/lang/String;Lsun/reflect/generics/factory/GenericsFactory;)Lsun/reflect/generics/repository/ClassRepository; 113 1 215 0 0
ciMethod sun/reflect/generics/repository/GenericDeclRepository getTypeParameters ()[Ljava/lang/reflect/TypeVariable; 929 89 10594 0 0
ciMethod sun/reflect/generics/repository/AbstractRepository getFactory ()Lsun/reflect/generics/factory/GenericsFactory; 1049 1 131 0 0
ciMethod sun/reflect/generics/repository/AbstractRepository getTree ()Lsun/reflect/generics/tree/Tree; 1265 1 158 0 0
ciMethod sun/reflect/generics/repository/AbstractRepository getReifier ()Lsun/reflect/generics/visitor/Reifier; 1793 1 4836 0 0
ciMethod java/lang/reflect/Modifier isPublic (I)Z 1153 1 21999 0 32
ciMethod sun/reflect/misc/ReflectUtil conservativeCheckMemberAccess (Ljava/lang/reflect/Member;)V 113 1 369 0 0
ciMethod sun/reflect/misc/ReflectUtil checkPackageAccess (Ljava/lang/Class;)V 2489 1 11263 0 0
ciMethod sun/reflect/misc/ReflectUtil checkPackageAccess (Ljava/lang/String;)V 2065 1 10523 0 96
ciMethod sun/reflect/misc/ReflectUtil needsPackageAccessCheck (Ljava/lang/ClassLoader;Ljava/lang/ClassLoader;)Z 0 0 1 0 -1
ciMethod sun/reflect/misc/ReflectUtil checkProxyPackageAccess (Ljava/lang/Class;)V 0 0 1 0 -1
ciMethod sun/reflect/misc/ReflectUtil checkProxyPackageAccess (Ljava/lang/ClassLoader;[Ljava/lang/Class;)V 0 0 1 0 -1
ciMethod sun/reflect/misc/ReflectUtil isNonPublicProxyClass (Ljava/lang/Class;)Z 1 1 8304 0 1376
ciMethod java/util/Arrays copyOfRange ([CII)[C 3089 1 5579 0 512
ciMethodData java/lang/Object <init> ()V 2 1953265 orig 264 56 173 169 89 0 0 0 0 128 4 182 21 0 0 0 0 32 1 0 0 0 0 0 0 0 0 0 0 0 0 0 0 0 0 0 0 0 0 0 0 0 0 0 0 0 0 0 0 0 0 0 0 0 0 0 0 0 0 0 0 0 0 0 0 0 0 0 0 0 0 0 0 0 0 0 0 0 0 0 0 77 68 79 32 101 120 116 114 97 32 100 97 116 97 32 108 111 99 107 0 0 0 0 0 0 0 0 0 0 0 0 0 0 0 0 0 0 0 0 0 0 0 0 0 0 0 0 0 0 0 0 0 0 0 0 0 0 0 0 0 0 0 0 0 0 0 0 0 0 0 0 0 0 0 0 0 0 0 0 0 0 0 0 0 0 0 0 0 0 0 0 0 0 0 0 0 0 0 0 0 0 0 0 0 1 0 0 0 0 0 0 0 1 0 0 0 0 0 0 0 1 0 0 0 0 0 0 0 0 0 0 0 0 0 0 0 0 2 0 0 137 95 238 0 1 0 0 0 0 0 0 0 0 0 0 0 2 0 0 0 0 0 3 0 1 0 0 0 0 0 0 0 255 255 255 255 0 0 0 0 0 0 0 0 data 0 oops 0
ciMethod java/lang/reflect/Array newInstance (Ljava/lang/Class;I)Ljava/lang/Object; 945 